[ok] top/Blouse/white/silk -> www/assets/recommendation-stock/top-white-blouse-silk-fem.jpg (628kb, license=CC0, attr=Keymeulen, src=https://commons.wikimedia.org/wiki/File:Woman_wearing_tucked-in_blouse_and_low-rise_jeans,_Italy_2010.jpg)
[ok] top/Blouse/black/silk -> www/assets/recommendation-stock/top-black-blouse-silk-fem.jpg (327kb, license=CC BY-SA 2.0, attr=Jamie, src=https://commons.wikimedia.org/wiki/File:Black_jacket,_blue_blouse,_purple_miniskirt,_dotted_opaque_tights_and_leather_boots.jpg)
[ok] top/Blouse/cream/silk -> www/assets/recommendation-stock/top-cream-blouse-silk-fem.jpg (2281kb, license=CC BY 4.0, attr=
Unknown authorUnknown author, src=https://commons.wikimedia.org/wiki/File:Suit,_woman%27s,_three-piece_and_blouse_(AM_17442-5).jpg)
[ok] top/Blouse/navy/silk -> www/assets/recommendation-stock/top-navy-blouse-silk-fem.jpg (1347kb, license=No restrictions, attr=Internet Archive Book Images, src=https://commons.wikimedia.org/wiki/File:Suit,_hat_and_blouse_by_Hattie_Carnegie,_1948.jpg)
[ok] top/Silk blouse/white/silk -> www/assets/recommendation-stock/top-white-silk-blouse-silk-fem.jpg (1347kb, license=No restrictions, attr=Internet Archive Book Images, src=https://commons.wikimedia.org/wiki/File:Suit,_hat_and_blouse_by_Hattie_Carnegie,_1948.jpg)
[ok] top/Silk blouse/black/silk -> www/assets/recommendation-stock/top-black-silk-blouse-silk-fem.jpg (1347kb, license=No restrictions, attr=Internet Archive Book Images, src=https://commons.wikimedia.org/wiki/File:Suit,_hat_and_blouse_by_Hattie_Carnegie,_1948.jpg)
[ok] top/Silk blouse/cream/silk -> www/assets/recommendation-stock/top-cream-silk-blouse-silk-fem.jpg (2130kb, license=CC BY 4.0, attr=
Unknown authorUnknown author, src=https://commons.wikimedia.org/wiki/File:Blouse_(AM_1965.101-14).jpg)
[no_candidate] top/Wrap blouse/black/silk no acceptable candidate
[no_candidate] top/Wrap blouse/navy/silk no acceptable candidate
[no_candidate] top/Wrap blouse/cream/silk no acceptable candidate
[no_candidate] top/Camisole/black/silk no acceptable candidate
[ok] top/Camisole/cream/silk -> www/assets/recommendation-stock/top-cream-camisole-silk-fem.jpg (2135kb, license=CC BY 4.0, attr=n/a, src=https://commons.wikimedia.org/wiki/File:Camisole_(AM_1994.181-1).jpg)
[no_candidate] top/Camisole/navy/silk no acceptable candidate
[ok] top/Halter top/black/silk -> www/assets/recommendation-stock/top-black-halter-top-silk-fem.jpg (1100kb, license=CC BY 2.0, attr=Sandra Cohen-Rose and   Colin Rose from Montreal, Canada, src=https://commons.wikimedia.org/wiki/File:Black_Halter_Top_(1030793100).jpg)
[ok] top/Halter top/white/silk -> www/assets/recommendation-stock/top-white-halter-top-silk-fem.jpg (51kb, license=CC BY 4.0, attr=
Holeproof Apparel; Real McCoys, src=https://commons.wikimedia.org/wiki/File:Sun_top_(AM_1999.107.248-6).jpg)
[ok] top/Halter top/red/silk -> www/assets/recommendation-stock/top-red-halter-top-silk-fem.jpg (348kb, license=CC BY-SA 2.0, attr=Jamie, src=https://commons.wikimedia.org/wiki/File:Star_Trek_Comic_Print_Halter_Crop_Top_and_Skirt_(21611628750).jpg)
[ok] top/Off-shoulder top/white/cotton -> www/assets/recommendation-stock/top-white-off-shoulder-top-cotton-fem.jpg (325kb, license=CC BY 2.0, attr=Maegan Tintari, src=https://commons.wikimedia.org/wiki/File:Striped_one_shoulder_top_and_miniskirt.jpg)
[ok] top/Off-shoulder top/black/cotton -> www/assets/recommendation-stock/top-black-off-shoulder-top-cotton-fem.jpg (1766kb, license=CC BY-SA 4.0, attr=Nabunje Leticia, src=https://commons.wikimedia.org/wiki/File:Lady_in_Beaded_Off-Shoulder_Top_with_Wooden_Bangles.jpg)
[ok] top/Off-shoulder top/cream/cotton -> www/assets/recommendation-stock/top-cream-off-shoulder-top-cotton-fem.jpg (1766kb, license=CC BY-SA 4.0, attr=Nabunje Leticia, src=https://commons.wikimedia.org/wiki/File:Lady_in_Beaded_Off-Shoulder_Top_with_Wooden_Bangles.jpg)
[ok] top/Crop top/white/cotton -> www/assets/recommendation-stock/top-white-crop-top-cotton-fem.jpg (554kb, license=CC BY 2.0, attr=Jocelyn Saurini, src=https://commons.wikimedia.org/wiki/File:Woman_in_a_White_Crop_Top.jpg)
[ok] top/Crop top/black/cotton -> www/assets/recommendation-stock/top-black-crop-top-cotton-fem.jpg (96kb, license=CC0, attr=Jeanne boleyn, src=https://commons.wikimedia.org/wiki/File:1989_black_crop_top.jpg)
[ok] top/Crop top/beige/cotton -> www/assets/recommendation-stock/top-beige-crop-top-cotton-fem.jpg (1647kb, license=CC BY-SA 4.0, attr=Toglenn, src=https://commons.wikimedia.org/wiki/File:Crop_Top_-_Photo_by_Glenn_Francis.jpg)
[no_candidate] top/Bodysuit/black/jersey no acceptable candidate
[ok] top/Bodysuit/white/jersey -> www/assets/recommendation-stock/top-white-bodysuit-jersey-fem.jpg (2360kb, license=CC BY 4.0, attr=
Bendon, src=https://commons.wikimedia.org/wiki/File:Bodysuit_(AM_2000.93.82-2).jpg)
[no_candidate] top/Bodysuit/beige/jersey no acceptable candidate
[ok] top/Tunic/white/linen -> www/assets/recommendation-stock/top-white-tunic-linen-fem.jpg (2106kb, license=CC BY-SA 4.0, attr=Wolfmann, src=https://commons.wikimedia.org/wiki/File:WW2_Norway._Uniform_tunic_(jacket)_and_visor_cap_for_Norwegian_Untersturmf%C3%BChrer_in_Waffen-SS._Nasjonal_Samling_Kvinnehirden_NSKH_uniform_tunic_skirt_Armed_Forces_Museum_(Forsvarsmuseet)_Oslo_2019_1652.jpg)
[ok] top/Tunic/black/linen -> www/assets/recommendation-stock/top-black-tunic-linen-fem.jpg (85kb, license=Public domain, attr=Yale University Art Gallery, src=https://commons.wikimedia.org/wiki/File:Tunic_fragment.jpg)
[ok] top/Tunic/cream/linen -> www/assets/recommendation-stock/top-cream-tunic-linen-fem.jpg (1731kb, license=Public domain, attr=
Coptic

Byzantine, src=https://commons.wikimedia.org/wiki/File:Coptic_-_Tunic_-_Walters_83484.jpg)
[ok] top/Knit cardigan/cream/wool -> www/assets/recommendation-stock/top-cream-knit-cardigan-wool-fem.jpg (2131kb, license=CC BY 2.5, attr=Rovdyr, src=https://commons.wikimedia.org/wiki/File:Cardigan,_sweater.JPG)
[ok] top/Knit cardigan/black/wool -> www/assets/recommendation-stock/top-black-knit-cardigan-wool-fem.jpg (191kb, license=CC BY-SA 2.0, attr=Jamie, src=https://commons.wikimedia.org/wiki/File:Pink_Cable_Knit_Cardigan_with_a_Bow_Print_Dress_and_Glasses_(19061325412).jpg)
[ok] top/Knit cardigan/navy/wool -> www/assets/recommendation-stock/top-navy-knit-cardigan-wool-fem.jpg (2131kb, license=CC BY 2.5, attr=Rovdyr, src=https://commons.wikimedia.org/wiki/File:Cardigan,_sweater.JPG)
[ok] top/Knit cardigan/beige/wool -> www/assets/recommendation-stock/top-beige-knit-cardigan-wool-fem.jpg (2131kb, license=CC BY 2.5, attr=Rovdyr, src=https://commons.wikimedia.org/wiki/File:Cardigan,_sweater.JPG)
[ok] top/Long cardigan/cream/wool -> www/assets/recommendation-stock/top-cream-long-cardigan-wool-fem.jpg (362kb, license=CC BY-SA 2.0, attr=Jamie, src=https://commons.wikimedia.org/wiki/File:Navy_Striped_Shift_Dress,_Long_Red_Cardigan,_and_Sparkly_Gold_Flats_(19362868985).jpg)
[ok] top/Long cardigan/black/wool -> www/assets/recommendation-stock/top-black-long-cardigan-wool-fem.jpg (71kb, license=Public domain, attr=Contributor(s): Jones, W. A., src=https://commons.wikimedia.org/wiki/File:StateLibQld_2_139795_Young_woman_wearing_a_skirt_and_striped_cardigan,_reclining_on_a_chair_for_a_studio_portrait,_1940-1950.jpg)
[ok] top/Long cardigan/beige/wool -> www/assets/recommendation-stock/top-beige-long-cardigan-wool-fem.jpg (362kb, license=CC BY-SA 2.0, attr=Jamie, src=https://commons.wikimedia.org/wiki/File:Navy_Striped_Shift_Dress,_Long_Red_Cardigan,_and_Sparkly_Gold_Flats_(19362868985).jpg)
[ok] top/Ruffled blouse/white/silk -> www/assets/recommendation-stock/top-white-ruffled-blouse-silk-fem.jpg (294kb, license=Public domain, attr=n/a, src=https://commons.wikimedia.org/wiki/File:Mola,_blouse_(BM_Am1924,0619.55).jpg)
[ok] top/Ruffled blouse/black/silk -> www/assets/recommendation-stock/top-black-ruffled-blouse-silk-fem.jpg (1755kb, license=CC BY 4.0, attr=n/a, src=https://commons.wikimedia.org/wiki/File:Blouse_(AM_1969.122-3).jpg)
[ok] top/Ruffled blouse/navy/silk -> www/assets/recommendation-stock/top-navy-ruffled-blouse-silk-fem.jpg (109kb, license=CC BY-SA 2.0, attr=Jamie, src=https://commons.wikimedia.org/wiki/File:Pinstripe_Ruffled_Pussybow_Blouse_with_Bright_Red_Hair_(19400354919).jpg)
[no_candidate] top/Peplum top/white/cotton no acceptable candidate
[no_candidate] top/Peplum top/black/cotton no acceptable candidate
[no_candidate] top/Peplum top/navy/cotton no acceptable candidate
[ok] top/Wrap dress/black/jersey -> www/assets/recommendation-stock/top-black-wrap-dress-jersey-fem.jpg (152kb, license=Public domain, attr=Jeanne Boleyn (talk), src=https://commons.wikimedia.org/wiki/File:Disco_dress_1970s.jpg)
[ok] top/Wrap dress/navy/jersey -> www/assets/recommendation-stock/top-navy-wrap-dress-jersey-fem.jpg (726kb, license=Public domain, attr=Ruth Reeves, src=https://commons.wikimedia.org/wiki/File:Ruth_Reeves_-_A_Collection_of_Original_Dress_Designs.jpg)
[ok] top/Wrap dress/red/jersey -> www/assets/recommendation-stock/top-red-wrap-dress-jersey-fem.jpg (135kb, license=CC BY 3.0, attr=Bollywood Hungama
, src=https://commons.wikimedia.org/wiki/File:Kangana_Ranaut_snapped_at_Tiku_Weds_Sheru_wrap_up_party.jpg)
[ok] top/Wrap dress/green/jersey -> www/assets/recommendation-stock/top-green-wrap-dress-jersey-fem.jpg (120kb, license=CC0, attr=Photographer for the Rhode Island School of Design Museum of Art, src=https://commons.wikimedia.org/wiki/File:C1925_green_satin_dress_with_attached_painted_velvet_wrap_by_Paul_Poiret,_Paris._05.jpg)
[ok] top/Slip dress/black/silk -> www/assets/recommendation-stock/top-black-slip-dress-silk-fem.jpg (2311kb, license=CC BY 4.0, attr=
Unknown authorUnknown author, src=https://commons.wikimedia.org/wiki/File:Dress_and_underslip,_woman%27s_(AM_12072-10).jpg)
[ok] top/Slip dress/cream/silk -> www/assets/recommendation-stock/top-cream-slip-dress-silk-fem.jpg (89kb, license=CC0, attr=
David Ring, src=https://commons.wikimedia.org/wiki/File:Slip.jpg)
[ok] top/Slip dress/navy/silk -> www/assets/recommendation-stock/top-navy-slip-dress-silk-fem.jpg (89kb, license=CC0, attr=
David Ring, src=https://commons.wikimedia.org/wiki/File:Slip.jpg)
[ok] top/Sundress/white/cotton -> www/assets/recommendation-stock/top-white-sundress-cotton-fem.jpg (90kb, license=CC BY-SA 4.0, attr=MOs810, src=https://commons.wikimedia.org/wiki/File:Lysy_Mlyn,_Poznan_Biedrusko_(11)_sundress_(cropped).JPG)
[ok] top/Sundress/blue/cotton -> www/assets/recommendation-stock/top-blue-sundress-cotton-fem.jpg (90kb, license=CC BY-SA 4.0, attr=MOs810, src=https://commons.wikimedia.org/wiki/File:Lysy_Mlyn,_Poznan_Biedrusko_(11)_sundress_(cropped).JPG)
[ok] top/Sundress/yellow/cotton -> www/assets/recommendation-stock/top-yellow-sundress-cotton-fem.jpg (90kb, license=CC BY-SA 4.0, attr=MOs810, src=https://commons.wikimedia.org/wiki/File:Lysy_Mlyn,_Poznan_Biedrusko_(11)_sundress_(cropped).JPG)
[ok] top/Sundress/floral/cotton -> www/assets/recommendation-stock/top-floral-sundress-cotton-fem.jpg (90kb, license=CC BY-SA 4.0, attr=MOs810, src=https://commons.wikimedia.org/wiki/File:Lysy_Mlyn,_Poznan_Biedrusko_(11)_sundress_(cropped).JPG)
[ok] top/Midi dress/black/linen -> www/assets/recommendation-stock/top-black-midi-dress-linen-fem.jpg (371kb, license=CC0, attr=Jeanne Hallée, src=https://commons.wikimedia.org/wiki/File:Afternoon_dress_MET_CI49.2.4_F.jpg)
[ok] top/Midi dress/white/linen -> www/assets/recommendation-stock/top-white-midi-dress-linen-fem.jpg (371kb, license=CC0, attr=Jeanne Hallée, src=https://commons.wikimedia.org/wiki/File:Afternoon_dress_MET_CI49.2.4_F.jpg)
[ok] top/Midi dress/cream/linen -> www/assets/recommendation-stock/top-cream-midi-dress-linen-fem.jpg (371kb, license=CC0, attr=Jeanne Hallée, src=https://commons.wikimedia.org/wiki/File:Afternoon_dress_MET_CI49.2.4_F.jpg)
[ok] top/Midi dress/navy/linen -> www/assets/recommendation-stock/top-navy-midi-dress-linen-fem.jpg (371kb, license=CC0, attr=Jeanne Hallée, src=https://commons.wikimedia.org/wiki/File:Afternoon_dress_MET_CI49.2.4_F.jpg)
[ok] top/Maxi dress/black/cotton -> www/assets/recommendation-stock/top-black-maxi-dress-cotton-fem.jpg (552kb, license=CC BY 2.0, attr=Maegan Tintari, src=https://commons.wikimedia.org/wiki/File:Electric_blue_maxi_dress_with_cognac_accessories.jpg)
[ok] top/Maxi dress/white/cotton -> www/assets/recommendation-stock/top-white-maxi-dress-cotton-fem.jpg (288kb, license=CC BY-SA 4.0, attr=[Peloponnesian Folklore Foundation, src=https://commons.wikimedia.org/wiki/File:1970_maxi_dress_by_Travers_Tempos.jpg)
[ok] top/Maxi dress/cream/cotton -> www/assets/recommendation-stock/top-cream-maxi-dress-cotton-fem.jpg (552kb, license=CC BY 2.0, attr=Maegan Tintari, src=https://commons.wikimedia.org/wiki/File:Electric_blue_maxi_dress_with_cognac_accessories.jpg)
[ok] top/Mini dress/black/cotton -> www/assets/recommendation-stock/top-black-mini-dress-cotton-fem.jpg (660kb, license=CC BY-SA 4.0, attr=Kgbo, src=https://commons.wikimedia.org/wiki/File:Brisbane_street_fashion_in_2018;_minidress,_black_mini_handbag_and_flip-flops.jpg)
[ok] top/Mini dress/red/cotton -> www/assets/recommendation-stock/top-red-mini-dress-cotton-fem.jpg (124kb, license=CC BY 3.0, attr=HeadBangr, src=https://commons.wikimedia.org/wiki/File:Ancilla_Tilia_mini_dungeon_shoot.jpg)
[ok] top/Mini dress/white/cotton -> www/assets/recommendation-stock/top-white-mini-dress-cotton-fem.jpg (660kb, license=CC BY-SA 4.0, attr=Kgbo, src=https://commons.wikimedia.org/wiki/File:Brisbane_street_fashion_in_2018;_minidress,_black_mini_handbag_and_flip-flops.jpg)
[ok] top/Sheath dress/black/wool -> www/assets/recommendation-stock/top-black-sheath-dress-wool-fem.jpg (1471kb, license=No restrictions, attr=Internet Archive Book Images, src=https://commons.wikimedia.org/wiki/File:Sleeveless_beige_crepe_sheath_dress_by_Joset_Walker,_1948.jpg)
[ok] top/Sheath dress/navy/wool -> www/assets/recommendation-stock/top-navy-sheath-dress-wool-fem.jpg (71kb, license=CC0, attr=
David Ring, src=https://commons.wikimedia.org/wiki/File:Sheath_dress.jpg)
[ok] top/Sheath dress/red/wool -> www/assets/recommendation-stock/top-red-sheath-dress-wool-fem.jpg (1471kb, license=No restrictions, attr=Internet Archive Book Images, src=https://commons.wikimedia.org/wiki/File:Sleeveless_beige_crepe_sheath_dress_by_Joset_Walker,_1948.jpg)
[ok] top/Shirtdress/white/cotton -> www/assets/recommendation-stock/top-white-shirtdress-cotton-fem.jpg (273kb, license=Public domain, attr=
Ministry of Information Photo Division Photographer, src=https://commons.wikimedia.org/wiki/File:How_a_British_Woman_Dresses_in_Wartime-_Utility_Clothing_in_Britain,_1943_D14784.jpg)
[ok] top/Shirtdress/blue/cotton -> www/assets/recommendation-stock/top-blue-shirtdress-cotton-fem.jpg (77kb, license=CC0, attr=Photographer for the Rhode Island School of Design Museum of Art, src=https://commons.wikimedia.org/wiki/File:Claire_McCardell_day_dress,_blue_and_white_striped_cotton,_early_1950s_02.jpg)
[ok] top/Shirtdress/khaki/cotton -> www/assets/recommendation-stock/top-khaki-shirtdress-cotton-fem.jpg (79kb, license=CC BY 2.0, attr=Tradlands, src=https://commons.wikimedia.org/wiki/File:Woman_wearing_a_beige_shirtdress.jpg)
[ok] top/Cocktail dress/black/silk -> www/assets/recommendation-stock/top-black-cocktail-dress-silk-fem.jpg (274kb, license=CC BY 4.0, attr=
Emma Knuckey, src=https://commons.wikimedia.org/wiki/File:Dress,_cocktail_(AM_1993.45-6).jpg)
[ok] top/Cocktail dress/navy/silk -> www/assets/recommendation-stock/top-navy-cocktail-dress-silk-fem.jpg (81kb, license=CC BY-SA 4.0, attr=Stany Dederen for MoMu, src=https://commons.wikimedia.org/wiki/File:Cocktail_dress_(ST80423)_-_MoMu_Study_Collection.jpg)
[ok] top/Cocktail dress/red/silk -> www/assets/recommendation-stock/top-red-cocktail-dress-silk-fem.jpg (331kb, license=CC BY 2.0, attr=Jason Hargrove from Toronto, Canada, src=https://commons.wikimedia.org/wiki/File:Natasha_Gargiulo_wearing_Micalla_-_Heart_and_Stroke_Foundation_-_The_Heart_Truth_celebrity_fashion_show_-_Red_Dress_-_Red_Gown_-_Thursday_February_8,_2012_-_Creative_Commons.jpg)
[ok] top/Sweater dress/black/wool -> www/assets/recommendation-stock/top-black-sweater-dress-wool-fem.jpg (273kb, license=Public domain, attr=Durene Association of America, New York, src=https://commons.wikimedia.org/wiki/File:Sweater_knit_dress_1967.jpg)
[ok] top/Sweater dress/cream/wool -> www/assets/recommendation-stock/top-cream-sweater-dress-wool-fem.jpg (399kb, license=CC BY-SA 2.0, attr=Jamie, src=https://commons.wikimedia.org/wiki/File:Turtleneck_Bodycon_Sweater_Dress,_Lace_Tights,_Gold_Choker,_and_Ankle_Boots.jpg)
[ok] top/Sweater dress/camel/wool -> www/assets/recommendation-stock/top-camel-sweater-dress-wool-fem.jpg (399kb, license=CC BY-SA 2.0, attr=Jamie, src=https://commons.wikimedia.org/wiki/File:Turtleneck_Bodycon_Sweater_Dress,_Lace_Tights,_Gold_Choker,_and_Ankle_Boots.jpg)
[ok] top/T-shirt dress/white/cotton -> www/assets/recommendation-stock/top-white-t-shirt-dress-cotton-fem.jpg (472kb, license=CC BY 2.0, attr=Maegan Tintari, src=https://commons.wikimedia.org/wiki/File:90s_long_black_dress_over_a_t-shirt_with_strappy_wedges_and_tom_ford_sunnies_-_back.jpg)
[ok] top/T-shirt dress/black/cotton -> www/assets/recommendation-stock/top-black-t-shirt-dress-cotton-fem.jpg (472kb, license=CC BY 2.0, attr=Maegan Tintari, src=https://commons.wikimedia.org/wiki/File:90s_long_black_dress_over_a_t-shirt_with_strappy_wedges_and_tom_ford_sunnies_-_back.jpg)
[ok] top/T-shirt dress/gray/cotton -> www/assets/recommendation-stock/top-gray-t-shirt-dress-cotton-fem.jpg (472kb, license=CC BY 2.0, attr=Maegan Tintari, src=https://commons.wikimedia.org/wiki/File:90s_long_black_dress_over_a_t-shirt_with_strappy_wedges_and_tom_ford_sunnies_-_back.jpg)
[ok] top/Bodycon dress/black/jersey -> www/assets/recommendation-stock/top-black-bodycon-dress-jersey-fem.jpg (237kb, license=CC BY-SA 2.0, attr=Jamie, src=https://commons.wikimedia.org/wiki/File:Black_Turtleneck_Bodycon_Dress_and_a_Gold_Chunky_Choker_Necklace_(16177689044).jpg)
[ok] top/Bodycon dress/red/jersey -> www/assets/recommendation-stock/top-red-bodycon-dress-jersey-fem.jpg (210kb, license=CC BY-SA 2.0, attr=Jamie, src=https://commons.wikimedia.org/wiki/File:Short_Red_Hair,_Striped_Bodycon_Dress,_%26_a_Purple_Cardigan.jpg)
[ok] top/Bodycon dress/white/jersey -> www/assets/recommendation-stock/top-white-bodycon-dress-jersey-fem.jpg (210kb, license=CC BY-SA 2.0, attr=Jamie, src=https://commons.wikimedia.org/wiki/File:Short_Red_Hair,_Striped_Bodycon_Dress,_%26_a_Purple_Cardigan.jpg)
[ok] bottom/A-line skirt/black/cotton -> www/assets/recommendation-stock/bottom-black-a-line-skirt-cotton-fem.jpg (203kb, license=CC0, attr=n/a, src=https://commons.wikimedia.org/wiki/File:Actress_holding_up_portion_of_pleated_skirt,_from_the_Actresses_series_(N664)_promoting_Old_Fashion_Fine_Cut_Tobacco_MET_DPB869736.jpg)
[ok] bottom/A-line skirt/navy/cotton -> www/assets/recommendation-stock/bottom-navy-a-line-skirt-cotton-fem.jpg (314kb, license=CC BY 2.0, attr=Flickr user "queen puff puff", src=https://commons.wikimedia.org/wiki/File:A-line_skirt.jpg)
[ok] bottom/A-line skirt/beige/cotton -> www/assets/recommendation-stock/bottom-beige-a-line-skirt-cotton-fem.jpg (314kb, license=CC BY 2.0, attr=Flickr user "queen puff puff", src=https://commons.wikimedia.org/wiki/File:A-line_skirt.jpg)
[ok] bottom/Pencil skirt/black/wool -> www/assets/recommendation-stock/bottom-black-pencil-skirt-wool-fem.jpg (331kb, license=CC BY-SA 2.0, attr=Jamie, src=https://commons.wikimedia.org/wiki/File:Purple_Cardigan,_Black_Pencil_Skirt,_Checkered_Top,_and_Silver_Heels_(17632734246).jpg)
[ok] bottom/Pencil skirt/navy/wool -> www/assets/recommendation-stock/bottom-navy-pencil-skirt-wool-fem.jpg (77kb, license=CC0, attr=
David Ring, src=https://commons.wikimedia.org/wiki/File:Pencil_skirt.jpg)
[ok] bottom/Pencil skirt/beige/wool -> www/assets/recommendation-stock/bottom-beige-pencil-skirt-wool-fem.jpg (77kb, license=CC0, attr=
David Ring, src=https://commons.wikimedia.org/wiki/File:Pencil_skirt.jpg)
[ok] bottom/Midi skirt/black/cotton -> www/assets/recommendation-stock/bottom-black-midi-skirt-cotton-fem.jpg (186kb, license=CC BY 2.0, attr=Carrie A., src=https://commons.wikimedia.org/wiki/File:Woman_wearing_black_turtleneck_and_blue_skirt.jpg)
[ok] bottom/Midi skirt/white/cotton -> www/assets/recommendation-stock/bottom-white-midi-skirt-cotton-fem.jpg (208kb, license=CC BY-SA 2.5, attr=Janmad, src=https://commons.wikimedia.org/wiki/File:Skirt_wiki.jpg)
[ok] bottom/Midi skirt/beige/cotton -> www/assets/recommendation-stock/bottom-beige-midi-skirt-cotton-fem.jpg (208kb, license=CC BY-SA 2.5, attr=Janmad, src=https://commons.wikimedia.org/wiki/File:Skirt_wiki.jpg)
[ok] bottom/Mini skirt/blue/denim -> www/assets/recommendation-stock/bottom-blue-mini-skirt-denim-fem.jpg (1399kb, license=CC BY 2.0, attr=Carrie A., src=https://commons.wikimedia.org/wiki/File:Woman_wearing_blue_blouse_and_wool_mini_skirt.jpg)
[ok] bottom/Mini skirt/black/denim -> www/assets/recommendation-stock/bottom-black-mini-skirt-denim-fem.jpg (283kb, license=CC BY-SA 2.0, attr=Jamie, src=https://commons.wikimedia.org/wiki/File:Black_Short_Sleeved_Turtleneck,_Houndstooth_Mini_Skirt,_Polka_Dot_Tights,_and_Black_Boots_(23037365472).jpg)
[ok] bottom/Mini skirt/white/denim -> www/assets/recommendation-stock/bottom-white-mini-skirt-denim-fem.jpg (2424kb, license=CC BY-SA 4.0, attr=Jasminasum Lam Kingshan, src=https://commons.wikimedia.org/wiki/File:HK_female_mini_skirt_n_handbag_February_2023_Px3.jpg)
[ok] bottom/Maxi skirt/black/linen -> www/assets/recommendation-stock/bottom-black-maxi-skirt-linen-fem.jpg (307kb, license=CC BY-SA 4.0, attr=Peloponnesian Folklore Foundation, src=https://commons.wikimedia.org/wiki/File:1970s_maxi_skirt_in_Liberty_print,_with_tooled_leather_shoulder_bag_and_black_T-shirt.jpg)
[ok] bottom/Maxi skirt/cream/linen -> www/assets/recommendation-stock/bottom-cream-maxi-skirt-linen-fem.jpg (1592kb, license=CC BY-SA 4.0, attr=芹丘智美, src=https://commons.wikimedia.org/wiki/File:Long-Skirt_(Flare-Maxi-Type).jpg)
[ok] bottom/Maxi skirt/beige/linen -> www/assets/recommendation-stock/bottom-beige-maxi-skirt-linen-fem.jpg (1592kb, license=CC BY-SA 4.0, attr=芹丘智美, src=https://commons.wikimedia.org/wiki/File:Long-Skirt_(Flare-Maxi-Type).jpg)
[ok] bottom/Pleated skirt/black/cotton -> www/assets/recommendation-stock/bottom-black-pleated-skirt-cotton-fem.jpg (203kb, license=CC0, attr=n/a, src=https://commons.wikimedia.org/wiki/File:Actress_holding_up_portion_of_pleated_skirt,_from_the_Actresses_series_(N664)_promoting_Old_Fashion_Fine_Cut_Tobacco_MET_DPB869736.jpg)
[ok] bottom/Pleated skirt/navy/cotton -> www/assets/recommendation-stock/bottom-navy-pleated-skirt-cotton-fem.jpg (88kb, license=CC0, attr=
David Ring, src=https://commons.wikimedia.org/wiki/File:Pleated_skirt.jpg)
[ok] bottom/Pleated skirt/cream/cotton -> www/assets/recommendation-stock/bottom-cream-pleated-skirt-cotton-fem.jpg (2283kb, license=CC BY 4.0, attr=n/a, src=https://commons.wikimedia.org/wiki/File:Skirt_(AM_2002.31.2-4).jpg)
[ok] bottom/Wrap skirt/black/linen -> www/assets/recommendation-stock/bottom-black-wrap-skirt-linen-fem.jpg (1505kb, license=CC BY 2.0, attr=John Benson from Madison WI, src=https://commons.wikimedia.org/wiki/File:Young_woman_with_tattoos,_bralette_and_wrap_skirt_in_Madison,_Wisconsin_2019.jpg)
[ok] bottom/Wrap skirt/cream/linen -> www/assets/recommendation-stock/bottom-cream-wrap-skirt-linen-fem.jpg (784kb, license=CC BY 4.0, attr=
Unknown authorUnknown author, src=https://commons.wikimedia.org/wiki/File:Wrapper,_baby_(AM_1999.108.9-4).jpg)
[ok] bottom/Wrap skirt/navy/linen -> www/assets/recommendation-stock/bottom-navy-wrap-skirt-linen-fem.jpg (226kb, license=FAL, attr=Elizabeth Calnan, src=https://commons.wikimedia.org/wiki/File:Liz_Calnan,_Handwoven_wrap.jpg)
[ok] bottom/Denim skirt/blue/denim -> www/assets/recommendation-stock/bottom-blue-denim-skirt-denim-fem.jpg (333kb, license=CC BY-SA 4.0, attr=ChestnutHorse100, src=https://commons.wikimedia.org/wiki/File:Double_Denim.jpg)
[ok] bottom/Denim skirt/black/denim -> www/assets/recommendation-stock/bottom-black-denim-skirt-denim-fem.jpg (333kb, license=CC BY-SA 4.0, attr=ChestnutHorse100, src=https://commons.wikimedia.org/wiki/File:Double_Denim.jpg)
[ok] bottom/Denim skirt/white/denim -> www/assets/recommendation-stock/bottom-white-denim-skirt-denim-fem.jpg (105kb, license=CC BY-SA 2.0, attr=joan!ta, src=https://commons.wikimedia.org/wiki/File:Woman_in_a_white_denim_miniskirt.jpg)
[ok] bottom/Leather skirt/black/leather -> www/assets/recommendation-stock/bottom-black-leather-skirt-leather-fem.jpg (121kb, license=CC BY-SA 2.0, attr=Idhren from Tampere, Finland, src=https://commons.wikimedia.org/wiki/File:Leather_skirt_-_PLAY.jpg)
[ok] bottom/Leather skirt/brown/leather -> www/assets/recommendation-stock/bottom-brown-leather-skirt-leather-fem.jpg (742kb, license=CC BY-SA 3.0, attr=BrokenSphere, src=https://commons.wikimedia.org/wiki/File:Yurok_dance_skirt_3_CAC.JPG)
[ok] bottom/Tennis skirt/white/cotton -> www/assets/recommendation-stock/bottom-white-tennis-skirt-cotton-fem.jpg (123kb, license=Public domain, attr=Unknown authorUnknown author, src=https://commons.wikimedia.org/wiki/File:Seven_women_in_sports_dress_holding_tennis_rackets_-_team_photo.jpg)
[ok] bottom/Tennis skirt/navy/cotton -> www/assets/recommendation-stock/bottom-navy-tennis-skirt-cotton-fem.jpg (88kb, license=CC0, attr=
David Ring, src=https://commons.wikimedia.org/wiki/File:Pleated_skirt.jpg)
[ok] bottom/Tennis skirt/black/cotton -> www/assets/recommendation-stock/bottom-black-tennis-skirt-cotton-fem.jpg (99kb, license=Public domain, attr=n/a, src=https://commons.wikimedia.org/wiki/File:StateLibQld_1_42023_Two_women_dressed_for_a_game_of_tennis,_1890-1900.jpg)
[ok] bottom/High-waist jeans/blue/denim -> www/assets/recommendation-stock/bottom-blue-high-waist-jeans-denim-fem.jpg (227kb, license=CC BY-SA 2.0, attr=Jamie, src=https://commons.wikimedia.org/wiki/File:White_High_Waisted_Jeans,_Mint_Green_Modcloth_Satchel_Purse,_Donut_Print_Top_and_Blue_Peeptoe_Wedges_(19295516639).jpg)
[ok] bottom/High-waist jeans/black/denim -> www/assets/recommendation-stock/bottom-black-high-waist-jeans-denim-fem.jpg (270kb, license=CC BY-SA 2.0, attr=Jamie, src=https://commons.wikimedia.org/wiki/File:Black_Fox_Print_Shirt,_High_Waisted_Jeans,_Leopard_Print_Purse,_and_Clogs_(18316847969).jpg)
[ok] bottom/High-waist jeans/white/denim -> www/assets/recommendation-stock/bottom-white-high-waist-jeans-denim-fem.jpg (227kb, license=CC BY-SA 2.0, attr=Jamie, src=https://commons.wikimedia.org/wiki/File:White_High_Waisted_Jeans,_Mint_Green_Modcloth_Satchel_Purse,_Donut_Print_Top_and_Blue_Peeptoe_Wedges_(19295516639).jpg)
[ok] bottom/Mom jeans/blue/denim -> www/assets/recommendation-stock/bottom-blue-mom-jeans-denim-fem.jpg (1531kb, license=CC BY-SA 4.0, attr=Dudek1337, src=https://commons.wikimedia.org/wiki/File:Mom_Jeans_2023_(cropped).jpg)
[ok] bottom/Mom jeans/black/denim -> www/assets/recommendation-stock/bottom-black-mom-jeans-denim-fem.jpg (1531kb, license=CC BY-SA 4.0, attr=Dudek1337, src=https://commons.wikimedia.org/wiki/File:Mom_Jeans_2023_(cropped).jpg)
[ok] bottom/Wide-leg trousers/black/wool -> www/assets/recommendation-stock/bottom-black-wide-leg-trousers-wool-fem.jpg (1024kb, license=CC BY-SA 2.0, attr=Michael Coghlan from Adelaide, Australia, src=https://commons.wikimedia.org/wiki/File:Baggy_Pants_and_Curls_(23743286741).jpg)
[ok] bottom/Wide-leg trousers/cream/wool -> www/assets/recommendation-stock/bottom-cream-wide-leg-trousers-wool-fem.jpg (1024kb, license=CC BY-SA 2.0, attr=Michael Coghlan from Adelaide, Australia, src=https://commons.wikimedia.org/wiki/File:Baggy_Pants_and_Curls_(23743286741).jpg)
[ok] bottom/Wide-leg trousers/navy/wool -> www/assets/recommendation-stock/bottom-navy-wide-leg-trousers-wool-fem.jpg (1024kb, license=CC BY-SA 2.0, attr=Michael Coghlan from Adelaide, Australia, src=https://commons.wikimedia.org/wiki/File:Baggy_Pants_and_Curls_(23743286741).jpg)
[ok] bottom/Cigarette pants/black/cotton -> www/assets/recommendation-stock/bottom-black-cigarette-pants-cotton-fem.jpg (665kb, license=CC BY-SA 4.0, attr=Mabalu (photograph), Raf Simons for Dior (outfit)., src=https://commons.wikimedia.org/wiki/File:Raf_Simons_for_Christian_Dior._Cut-off_embroidered_ballgown_and_black_silk_cigarette_pants._Dress_of_the_Year,_2012.jpg)
[no_candidate] bottom/Cigarette pants/navy/cotton no acceptable candidate
[no_candidate] bottom/Cigarette pants/beige/cotton no acceptable candidate
[ok] bottom/Capri pants/black/cotton -> www/assets/recommendation-stock/bottom-black-capri-pants-cotton-fem.jpg (543kb, license=No restrictions, attr=George Eastman House, src=https://commons.wikimedia.org/wiki/File:Woman_in_capri_pants_and_high_hells_(3595020169).jpg)
[ok] bottom/Capri pants/white/cotton -> www/assets/recommendation-stock/bottom-white-capri-pants-cotton-fem.jpg (543kb, license=No restrictions, attr=George Eastman House, src=https://commons.wikimedia.org/wiki/File:Woman_in_capri_pants_and_high_hells_(3595020169).jpg)
[ok] bottom/Capri pants/navy/cotton -> www/assets/recommendation-stock/bottom-navy-capri-pants-cotton-fem.jpg (326kb, license=CC BY-SA 2.5, attr=Rita Holcomb, src=https://commons.wikimedia.org/wiki/File:Capri_Pants_front_view.jpg)
[ok] bottom/Culottes/black/linen -> www/assets/recommendation-stock/bottom-black-culottes-linen-fem.jpg (1688kb, license=Public domain, attr=
Agence Rol. Agence photographique (commanditaire), src=https://commons.wikimedia.org/wiki/File:17-2-20,_Mardi_gras,_sans-culottes_%C3%A0_Montmartre_(personnes_d%C3%A9guis%C3%A9es)_-_btv1b53036300b.jpg)
[ok] bottom/Culottes/cream/linen -> www/assets/recommendation-stock/bottom-cream-culottes-linen-fem.jpg (65kb, license=CC0, attr=
David Ring, src=https://commons.wikimedia.org/wiki/File:Culottes_(drawing).jpg)
[ok] bottom/Culottes/navy/linen -> www/assets/recommendation-stock/bottom-navy-culottes-linen-fem.jpg (65kb, license=CC0, attr=
David Ring, src=https://commons.wikimedia.org/wiki/File:Culottes_(drawing).jpg)
[ok] bottom/Palazzo pants/black/linen -> www/assets/recommendation-stock/bottom-black-palazzo-pants-linen-fem.jpg (136kb, license=CC0, attr=
David Ring, src=https://commons.wikimedia.org/wiki/File:Palazzo_trousers.jpg)
[ok] bottom/Palazzo pants/cream/linen -> www/assets/recommendation-stock/bottom-cream-palazzo-pants-linen-fem.jpg (136kb, license=CC0, attr=
David Ring, src=https://commons.wikimedia.org/wiki/File:Palazzo_trousers.jpg)
[ok] bottom/Palazzo pants/white/linen -> www/assets/recommendation-stock/bottom-white-palazzo-pants-linen-fem.jpg (136kb, license=CC0, attr=
David Ring, src=https://commons.wikimedia.org/wiki/File:Palazzo_trousers.jpg)
[ok] bottom/Bike shorts/black/jersey -> www/assets/recommendation-stock/bottom-black-bike-shorts-jersey-fem.jpg (400kb, license=CC BY-SA 2.0, attr=Richard Masoner, src=https://commons.wikimedia.org/wiki/File:Rain_boots,_bike_shorts_and_fenders.jpg)
[ok] bottom/Bike shorts/navy/jersey -> www/assets/recommendation-stock/bottom-navy-bike-shorts-jersey-fem.jpg (504kb, license=CC BY-SA 2.0, attr=Chris Hunkeler from Carlsbad, California, USA, src=https://commons.wikimedia.org/wiki/File:Cycling_shorts_(cropped_from_Cycling_Ascent.jpg).jpg)
[ok] outer/Wrap coat/camel/wool -> www/assets/recommendation-stock/outer-camel-wrap-coat-wool-fem.jpg (977kb, license=CC0, attr=Émile Pingat, src=https://commons.wikimedia.org/wiki/File:Evening_coat_MET_29.920_threequarter_front_CP4.jpg)
[ok] outer/Wrap coat/black/wool -> www/assets/recommendation-stock/outer-black-wrap-coat-wool-fem.jpg (342kb, license=No restrictions, attr=Cornell University Library, src=https://commons.wikimedia.org/wiki/File:(Korean_woman_wrapped_in_cloak)_(4096117594).jpg)
[ok] outer/Wrap coat/beige/wool -> www/assets/recommendation-stock/outer-beige-wrap-coat-wool-fem.jpg (296kb, license=Public domain, attr=Federal Bureau of Investigation, src=https://commons.wikimedia.org/wiki/File:EFTA00001070_-_White_coat_rack_covered_in_plastic_wrap_stands_beside_a_beige_curtain_and_a_wall_marked_R.jpg)
[no_candidate] outer/Faux fur coat/beige/faux fur no acceptable candidate
[no_candidate] outer/Faux fur coat/black/faux fur no acceptable candidate
[no_candidate] outer/Faux fur coat/brown/faux fur no acceptable candidate
[ok] outer/Cropped jacket/black/wool -> www/assets/recommendation-stock/outer-black-cropped-jacket-wool-fem.jpg (1215kb, license=CC BY-SA 4.0, attr=Myles Kalus Anak Jihem, src=https://commons.wikimedia.org/wiki/File:Emmanuelle_Alt_Paris_Fashion_Week_Autumn_Winter_2019_(cropped).jpg)
[ok] outer/Cropped jacket/cream/wool -> www/assets/recommendation-stock/outer-cream-cropped-jacket-wool-fem.jpg (967kb, license=Public domain, attr=Daily Express, src=https://commons.wikimedia.org/wiki/File:Ian_Fleming_on_Doctor_No_dust_jacket_(cropped).jpg)
[ok] outer/Cropped jacket/red/wool -> www/assets/recommendation-stock/outer-red-cropped-jacket-wool-fem.jpg (101kb, license=CC BY-SA 3.0, attr=Fernando Bonet, src=https://commons.wikimedia.org/wiki/File:Jazmin_de_Grazia_(cropped).JPG)
[ok] outer/Cape/camel/wool -> www/assets/recommendation-stock/outer-camel-cape-wool-fem.jpg (429kb, license=Public domain, attr=Jacques-Nicolas Bellin, src=https://commons.wikimedia.org/wiki/File:Capeofgoodhopefort.jpg)
[ok] outer/Cape/black/wool -> www/assets/recommendation-stock/outer-black-cape-wool-fem.jpg (169kb, license=Public domain, attr=Byrne, G. P., src=https://commons.wikimedia.org/wiki/File:StateLibQld_1_116452_Byrne_sisters,_Sandy_Cape,_1910-1920.jpg)
[ok] outer/Cape/navy/wool -> www/assets/recommendation-stock/outer-navy-cape-wool-fem.jpg (1229kb, license=Public domain, attr=U.S. Navy photo by Mass Communication Specialist 2nd Class Roger S. Duncan, src=https://commons.wikimedia.org/wiki/File:US_Navy_060815-N-0411D-018_U.S._Army_Veterinarian,_Capt_Gwynne_Kinley_of_Cape_Elizabeth,_Maine,_immunizes_a_goat_with_the_help_of_U.S._Navy_Operations_Specialist_2nd_Class_Jessica_Silva.jpg)
[ok] outer/Poncho/beige/wool -> www/assets/recommendation-stock/outer-beige-poncho-wool-fem.jpg (632kb, license=CC BY-SA 4.0, attr=JuanAntonioRios19, src=https://commons.wikimedia.org/wiki/File:Poncho_de_Huaso.jpg)
[ok] outer/Poncho/black/wool -> www/assets/recommendation-stock/outer-black-poncho-wool-fem.jpg (65kb, license=Public domain, attr=Alphonse Bernoud, src=https://commons.wikimedia.org/wiki/File:Queen_Maria_Sophie_of_the_two_Sicilies_-_poncho_-_1860.jpg)
[ok] outer/Poncho/gray/wool -> www/assets/recommendation-stock/outer-gray-poncho-wool-fem.jpg (2399kb, license=CC BY-SA 4.0, attr=Ponchodeanda, src=https://commons.wikimedia.org/wiki/File:Ponchodeanda.jpg)
[ok] outer/Kimono/black/silk -> www/assets/recommendation-stock/outer-black-kimono-silk-fem.jpg (1288kb, license=CC BY-SA 2.0, attr=William Tung from USA, src=https://commons.wikimedia.org/wiki/File:WWA_2010_-_Kimono_(4536673806).jpg)
[ok] outer/Kimono/floral/silk -> www/assets/recommendation-stock/outer-floral-kimono-silk-fem.jpg (257kb, license=CC0, attr=not listed, src=https://commons.wikimedia.org/wiki/File:White_Kimonos_with_floral_prints,_Japan.jpg)
[ok] outer/Kimono/cream/silk -> www/assets/recommendation-stock/outer-cream-kimono-silk-fem.jpg (1600kb, license=Copyrighted free use, attr=Indianapolis Museum of Art
, src=https://commons.wikimedia.org/wiki/File:Japanese_kimono_imported_by_Babani,_Paris,_1921.jpg)
[ok] outer/Duster coat/camel/wool -> www/assets/recommendation-stock/outer-camel-duster-coat-wool-fem.jpg (118kb, license=CC0, attr=
David Ring, src=https://commons.wikimedia.org/wiki/File:Duster_(clothing).jpg)
[ok] outer/Duster coat/black/wool -> www/assets/recommendation-stock/outer-black-duster-coat-wool-fem.jpg (113kb, license=Public domain, attr=Lani12 at English Wikipedia, src=https://commons.wikimedia.org/wiki/File:Leather-trench-coat.jpg)
[ok] outer/Duster coat/navy/wool -> www/assets/recommendation-stock/outer-navy-duster-coat-wool-fem.jpg (118kb, license=CC0, attr=
David Ring, src=https://commons.wikimedia.org/wiki/File:Duster_(clothing).jpg)
[ok] shoes/Heels/black/leather -> www/assets/recommendation-stock/shoes-black-heels-leather-fem.jpg (78kb, license=CC0, attr=Staff photographer, Rhode Island School of Design Museum of Art, src=https://commons.wikimedia.org/wiki/File:2005_Christian_Dior_shoes,_red_and_black_snakeskin_heels.jpg)
[ok] shoes/Heels/nude/leather -> www/assets/recommendation-stock/shoes-nude-heels-leather-fem.jpg (874kb, license=CC BY-SA 2.0, attr=craig rosborough from paisley, scotland, src=https://commons.wikimedia.org/wiki/File:Lola_-_nude_seated_woman_wearing_high-heeled_shoes.jpg)
[ok] shoes/Heels/red/leather -> www/assets/recommendation-stock/shoes-red-heels-leather-fem.jpg (78kb, license=CC0, attr=Staff photographer, Rhode Island School of Design Museum of Art, src=https://commons.wikimedia.org/wiki/File:2005_Christian_Dior_shoes,_red_and_black_snakeskin_heels.jpg)
[ok] shoes/Stiletto heels/black/leather -> www/assets/recommendation-stock/shoes-black-stiletto-heels-leather-fem.jpg (444kb, license=CC BY 2.0, attr=Ped-antics, src=https://commons.wikimedia.org/wiki/File:Heels_and_feet.jpg)
[ok] shoes/Stiletto heels/nude/leather -> www/assets/recommendation-stock/shoes-nude-stiletto-heels-leather-fem.jpg (148kb, license=CC BY-SA 3.0, attr=Gravesb, src=https://commons.wikimedia.org/wiki/File:Sonia-Dane-vintage-full-slip-sheer-brief-panties-stockings-stiletto-heels.jpg)
[ok] shoes/Kitten heels/black/leather -> www/assets/recommendation-stock/shoes-black-kitten-heels-leather-fem.jpg (1252kb, license=CC BY 2.0, attr=Spera.de (Flickr account name), src=https://commons.wikimedia.org/wiki/File:Kitten_heels.jpg)
[ok] shoes/Kitten heels/nude/leather -> www/assets/recommendation-stock/shoes-nude-kitten-heels-leather-fem.jpg (2435kb, license=CC0, attr=Sillvia Sharon T, src=https://commons.wikimedia.org/wiki/File:Image_KITTEN_HEELS.png)
[ok] shoes/Block heels/black/leather -> www/assets/recommendation-stock/shoes-black-block-heels-leather-fem.jpg (1252kb, license=CC BY 2.0, attr=Spera.de (Flickr account name), src=https://commons.wikimedia.org/wiki/File:Kitten_heels.jpg)
[ok] shoes/Block heels/tan/leather -> www/assets/recommendation-stock/shoes-tan-block-heels-leather-fem.jpg (114kb, license=CC BY-SA 4.0, attr=ArtistsCry13, src=https://commons.wikimedia.org/wiki/File:1990s_Revival_Go-go_Boots_(detail_of_block_heel).jpg)
[ok] shoes/Block heels/white/leather -> www/assets/recommendation-stock/shoes-white-block-heels-leather-fem.jpg (114kb, license=CC BY-SA 4.0, attr=ArtistsCry13, src=https://commons.wikimedia.org/wiki/File:1990s_Revival_Go-go_Boots_(detail_of_block_heel).jpg)
[ok] shoes/Pumps/black/leather -> www/assets/recommendation-stock/shoes-black-pumps-leather-fem.jpg (124kb, license=CC BY-SA 4.0, attr=Nicole Camphaug (creator of the items and photographer), src=https://commons.wikimedia.org/wiki/File:ENB_Artisan_women%27s_pumps_with_seal_fur.jpg)
[ok] shoes/Pumps/nude/leather -> www/assets/recommendation-stock/shoes-nude-pumps-leather-fem.jpg (329kb, license=CC BY 2.0, attr=SPERA.de Designerschuhe, Taschen und Accessoires from Deutschland, src=https://commons.wikimedia.org/wiki/File:Michael_Kors_MK-Flex_Mid_Pump_Pumps_40S1MFMP2A_Lackleder_beige_(nude)_(3)_(16071056703).jpg)
[ok] shoes/Pumps/red/leather -> www/assets/recommendation-stock/shoes-red-pumps-leather-fem.jpg (425kb, license=CC BY-SA 2.0, attr=Jamie, src=https://commons.wikimedia.org/wiki/File:Brown_Faux_Leather_Jacket,_Blue_Bow_Blouse,_Dark_Green_Skinny_Trousers,_and_Rose_Gold_Pumps_(22732087695).jpg)
[ok] shoes/Ballet flats/black/leather -> www/assets/recommendation-stock/shoes-black-ballet-flats-leather-fem.jpg (120kb, license=CC BY-SA 2.0, attr=Jamie, src=https://commons.wikimedia.org/wiki/File:Black_and_White_Two-Toned_Ankle_Strap_Flats_(17610904039).jpg)
[ok] shoes/Ballet flats/nude/leather -> www/assets/recommendation-stock/shoes-nude-ballet-flats-leather-fem.jpg (96kb, license=CC0, attr=
David Ring, src=https://commons.wikimedia.org/wiki/File:Ballet_flats.jpg)
[ok] shoes/Ballet flats/red/leather -> www/assets/recommendation-stock/shoes-red-ballet-flats-leather-fem.jpg (120kb, license=CC BY-SA 2.0, attr=Jamie, src=https://commons.wikimedia.org/wiki/File:Black_and_White_Two-Toned_Ankle_Strap_Flats_(17610904039).jpg)
[ok] shoes/Mary Janes/black/leather -> www/assets/recommendation-stock/shoes-black-mary-janes-leather-fem.jpg (716kb, license=No restrictions, attr=Smithsonian Institution from United States, src=https://commons.wikimedia.org/wiki/File:Mary_Jane_Rathbun_(1860-1943)_(12483845245).jpg)
[ok] shoes/Mary Janes/red/leather -> www/assets/recommendation-stock/shoes-red-mary-janes-leather-fem.jpg (450kb, license=Public domain, attr=Unknown authorUnknown author, src=https://commons.wikimedia.org/wiki/File:Mary_Jane_Clarke_oval_01.png)
[ok] shoes/Mules/black/leather -> www/assets/recommendation-stock/shoes-black-mules-leather-fem.jpg (352kb, license=CC0, attr=Opittman, src=https://commons.wikimedia.org/wiki/File:Molly_Mule.jpg)
[ok] shoes/Mules/tan/leather -> www/assets/recommendation-stock/shoes-tan-mules-leather-fem.jpg (1816kb, license=CC BY-SA 3.0, attr=Lanzonnet, src=https://commons.wikimedia.org/wiki/File:Muletier_toubkal.JPG)
[ok] shoes/Mules/white/leather -> www/assets/recommendation-stock/shoes-white-mules-leather-fem.jpg (800kb, license=CC0, attr=Anne Goldthwaite, src=https://commons.wikimedia.org/wiki/File:White_Mules_on_a_Bridge_MET_ap45.158.1.jpg)
[ok] shoes/Wedge sandals/tan/leather -> www/assets/recommendation-stock/shoes-tan-wedge-sandals-leather-fem.jpg (191kb, license=CC BY 3.0, attr=
Unknown authorUnknown author, src=https://commons.wikimedia.org/wiki/File:Brooklyn_Museum_X1054a-b_Pair_of_Sandals.jpg)
[ok] shoes/Wedge sandals/black/leather -> www/assets/recommendation-stock/shoes-black-wedge-sandals-leather-fem.jpg (1842kb, license=CC BY 2.0, attr=glitter heels, src=https://commons.wikimedia.org/wiki/File:WedgeHeel.jpg)
[ok] shoes/Wedge sandals/gold/leather -> www/assets/recommendation-stock/shoes-gold-wedge-sandals-leather-fem.jpg (1991kb, license=No restrictions, attr=Brown Shoe Company (Saint Louis, Mo.); Risque, src=https://commons.wikimedia.org/wiki/File:Woman%27s_Gold_Kid_Wedge_Sandals_-_DPLA_-_9a3a5891831f4a3cc0dc95445ddb852b_(page_5).jpg)
[ok] shoes/Strappy sandals/black/leather -> www/assets/recommendation-stock/shoes-black-strappy-sandals-leather-fem.jpg (2406kb, license=CC BY 4.0, attr=Webshoes archive, src=https://commons.wikimedia.org/wiki/File:Image_of_strappy_sandals.png)
[ok] shoes/Strappy sandals/gold/leather -> www/assets/recommendation-stock/shoes-gold-strappy-sandals-leather-fem.jpg (2406kb, license=CC BY 4.0, attr=Webshoes archive, src=https://commons.wikimedia.org/wiki/File:Image_of_strappy_sandals.png)
[ok] shoes/Strappy sandals/silver/leather -> www/assets/recommendation-stock/shoes-silver-strappy-sandals-leather-fem.jpg (2406kb, license=CC BY 4.0, attr=Webshoes archive, src=https://commons.wikimedia.org/wiki/File:Image_of_strappy_sandals.png)
[no_candidate] shoes/Espadrille wedges/tan/canvas no acceptable candidate
[no_candidate] shoes/Espadrille wedges/black/canvas no acceptable candidate
[no_candidate] shoes/Espadrille wedges/white/canvas no acceptable candidate
[ok] shoes/Knee-high boots/black/leather -> www/assets/recommendation-stock/shoes-black-knee-high-boots-leather-fem.jpg (359kb, license=CC BY-SA 2.0, attr=Flickr user "Idhren", src=https://commons.wikimedia.org/wiki/File:Heeled_knee_boots.jpg)
[ok] shoes/Knee-high boots/brown/leather -> www/assets/recommendation-stock/shoes-brown-knee-high-boots-leather-fem.jpg (849kb, license=CC BY 2.0, attr=David Levine from Portland, USA, src=https://commons.wikimedia.org/wiki/File:Nude_Crouching_Redhead_Woman_wearing_Black_Boots.jpg)
[ok] shoes/Riding boots/brown/leather -> www/assets/recommendation-stock/shoes-brown-riding-boots-leather-fem.jpg (206kb, license=CC BY-SA 4.0, attr=Palmount45, src=https://commons.wikimedia.org/wiki/File:Riding_boots_006.jpg)
[ok] shoes/Riding boots/black/leather -> www/assets/recommendation-stock/shoes-black-riding-boots-leather-fem.jpg (345kb, license=No restrictions, attr=Internet Archive Book Images, src=https://commons.wikimedia.org/wiki/File:Riding_and_driving_for_women_(1912)_(14747964076).jpg)
[ok] accessory/Clutch/black/leather -> www/assets/recommendation-stock/accessory-black-clutch-leather-fem.jpg (271kb, license=No restrictions, attr=Australian National Maritime Museum on The Commons, src=https://commons.wikimedia.org/wiki/File:Woman_with_clutch_bag_and_hat_posing_for_the_camera_with_a_regatta_in_the_background,_1920-1935_(7513027354).jpg)
[ok] accessory/Clutch/gold/leather -> www/assets/recommendation-stock/accessory-gold-clutch-leather-fem.jpg (67kb, license=CC0, attr=Photographer commissioned by the Rhode Island School of Design Museum, src=https://commons.wikimedia.org/wiki/File:1971_velvet_clutch_bag_by_Roberta_di_Camerino,_trompe_l%27oeil_buckle_and_strap_design._02.jpg)
[ok] accessory/Clutch/silver/leather -> www/assets/recommendation-stock/accessory-silver-clutch-leather-fem.jpg (924kb, license=No restrictions, attr=n/a, src=https://commons.wikimedia.org/wiki/File:Black_Velvet_Clutch_Purse_with_Beaded_Flap_-_DPLA_-_28e115fcc5e621e6fbf47c04abb917da_(page_20).jpg)
[ok] accessory/Mini bag/black/leather -> www/assets/recommendation-stock/accessory-black-mini-bag-leather-fem.jpg (1819kb, license=CC BY 2.0, attr=François Nguyen, src=https://commons.wikimedia.org/wiki/File:Bahlsen_Waffeletten_Minis_(bag).jpg)
[ok] accessory/Mini bag/tan/leather -> www/assets/recommendation-stock/accessory-tan-mini-bag-leather-fem.jpg (1819kb, license=CC BY 2.0, attr=François Nguyen, src=https://commons.wikimedia.org/wiki/File:Bahlsen_Waffeletten_Minis_(bag).jpg)
[ok] accessory/Mini bag/red/leather -> www/assets/recommendation-stock/accessory-red-mini-bag-leather-fem.jpg (1819kb, license=CC BY 2.0, attr=François Nguyen, src=https://commons.wikimedia.org/wiki/File:Bahlsen_Waffeletten_Minis_(bag).jpg)
[ok] accessory/Hobo bag/black/leather -> www/assets/recommendation-stock/accessory-black-hobo-bag-leather-fem.jpg (2373kb, license=CC BY-SA 3.0, attr=Bongoramsey, src=https://commons.wikimedia.org/wiki/File:Hobo_bag_with_abstract_print.JPG)
[ok] accessory/Hobo bag/brown/leather -> www/assets/recommendation-stock/accessory-brown-hobo-bag-leather-fem.jpg (2373kb, license=CC BY-SA 3.0, attr=Bongoramsey, src=https://commons.wikimedia.org/wiki/File:Hobo_bag_with_abstract_print.JPG)
[ok] accessory/Hobo bag/tan/leather -> www/assets/recommendation-stock/accessory-tan-hobo-bag-leather-fem.jpg (758kb, license=CC BY-SA 4.0, attr=Pedro Simónn, src=https://commons.wikimedia.org/wiki/File:Hobo_in_The_bag_.jpg)
[ok] accessory/Bucket bag/black/leather -> www/assets/recommendation-stock/accessory-black-bucket-bag-leather-fem.jpg (370kb, license=Public domain, attr=Federal Bureau of Investigation, src=https://commons.wikimedia.org/wiki/File:EFTA00001732_-_Concrete_alcove_with_exposed_pipes_and_electrical_boxes_containing_a_blue_bucket_black_trash_bag_and_white_chemical_sprayer.jpg)
[ok] accessory/Bucket bag/tan/leather -> www/assets/recommendation-stock/accessory-tan-bucket-bag-leather-fem.jpg (1742kb, license=CC BY-SA 3.0, attr=Pappnaas666, src=https://commons.wikimedia.org/wiki/File:Bagger_288_2012.jpg)
[ok] accessory/Bucket bag/cream/leather -> www/assets/recommendation-stock/accessory-cream-bucket-bag-leather-fem.jpg (1742kb, license=CC BY-SA 3.0, attr=Pappnaas666, src=https://commons.wikimedia.org/wiki/File:Bagger_288_2012.jpg)
[no_candidate] accessory/Crossbody handbag/black/leather no acceptable candidate
[no_candidate] accessory/Crossbody handbag/tan/leather no acceptable candidate
[no_candidate] accessory/Crossbody handbag/red/leather no acceptable candidate
[ok] accessory/Hair clip/gold/metal -> www/assets/recommendation-stock/accessory-gold-hair-clip-metal-fem.jpg (1875kb, license=CC BY 4.0, attr=n/a, src=https://commons.wikimedia.org/wiki/File:Hair_clips_(AM_1993.52-4).jpg)
[ok] accessory/Hair clip/silver/metal -> www/assets/recommendation-stock/accessory-silver-hair-clip-metal-fem.jpg (405kb, license=CC BY-SA 2.0, attr=Lisa Risager from Denmark, src=https://commons.wikimedia.org/wiki/File:Silver,_black_and_red_hair_clips_which_hairdressers_use_during_cutting,_not_in_use.jpg)
[ok] accessory/Hair clip/tortoiseshell/metal -> www/assets/recommendation-stock/accessory-tortoiseshell-hair-clip-metal-fem.jpg (1851kb, license=CC0, attr=Sinistersweet, src=https://commons.wikimedia.org/wiki/File:Hair_clip_-barette_-dark_brown_2.jpg)
[ok] accessory/Headband/black/silk -> www/assets/recommendation-stock/accessory-black-headband-silk-fem.jpg (76kb, license=CC BY 2.0, attr=Faylyne, src=https://commons.wikimedia.org/wiki/File:Flapper_headband,_1920s_hair_accessory,_black_velvet_head_piece_-_imogen.jpg)
[ok] accessory/Headband/red/silk -> www/assets/recommendation-stock/accessory-red-headband-silk-fem.jpg (267kb, license=CC BY-SA 2.0, attr=Jamie, src=https://commons.wikimedia.org/wiki/File:Kelly_Green_Sweater,_Colorful_Floral_Skirt,_Red_Pixie_Cut,_%26_a_Blue_Bow_Headband.jpg)
[ok] accessory/Headband/gold/silk -> www/assets/recommendation-stock/accessory-gold-headband-silk-fem.jpg (87kb, license=CC BY-SA 2.0, attr=Historic Images, src=https://commons.wikimedia.org/wiki/File:Bell_Beaker_gold_headband_and_jewellery_from_Gro%C3%9Fmehring,_Germany.jpg)
[ok] accessory/Hair scarf/red/silk -> www/assets/recommendation-stock/accessory-red-hair-scarf-silk-fem.jpg (1064kb, license=CC BY 2.0, attr=Exey Panteleev, src=https://commons.wikimedia.org/wiki/File:Woman_with_a_light_brown_blouse_and_a_red_scarf_waving_heir_hair.jpg)
[ok] accessory/Hair scarf/black/silk -> www/assets/recommendation-stock/accessory-black-hair-scarf-silk-fem.jpg (1923kb, license=Public domain, attr=Robert Henri, src=https://commons.wikimedia.org/wiki/File:Robert_Henri_-_Lady_in_Black_with_Spanish_Scarf_(O_in_Black_with_a_Scarf)_-_Google_Art_Project.jpg)
[ok] accessory/Hair scarf/navy/silk -> www/assets/recommendation-stock/accessory-navy-hair-scarf-silk-fem.jpg (55kb, license=CC0, attr=Mvoksuk, src=https://commons.wikimedia.org/wiki/File:Maison_Martin_Margiela_hair_scarf_2009.jpg)
[ok] accessory/Pearl earrings/pearl/pearl -> www/assets/recommendation-stock/accessory-pearl-pearl-earrings-pearl-fem.jpg (498kb, license=No restrictions, attr=SMU Central University Libraries, src=https://commons.wikimedia.org/wiki/File:Woman_wearing_pearl_earrings_and_necklace_(8528408539).jpg)
[ok] accessory/Pearl earrings/white/pearl -> www/assets/recommendation-stock/accessory-white-pearl-earrings-pearl-fem.jpg (93kb, license=Public domain, attr=Constance Marie Charpentier, src=https://commons.wikimedia.org/wiki/File:Constance_Charpentier_-_Young_Girl_with_Pearl.jpg)
[ok] accessory/Hoop earrings/gold/gold -> www/assets/recommendation-stock/accessory-gold-hoop-earrings-gold-fem.jpg (1538kb, license=Public domain, attr=
Anonymous (Byzantine Empire)Unknown author, src=https://commons.wikimedia.org/wiki/File:Byzantine_-_Earring_-_Walters_571729.jpg)
[ok] accessory/Hoop earrings/silver/gold -> www/assets/recommendation-stock/accessory-silver-hoop-earrings-gold-fem.jpg (2265kb, license=CC BY 4.0, attr=W.carter, src=https://commons.wikimedia.org/wiki/File:Gold_hoop_earrings_with_candy_rolls_by_ASQ.jpg)
[ok] accessory/Drop earrings/gold/gold -> www/assets/recommendation-stock/accessory-gold-drop-earrings-gold-fem.jpg (1538kb, license=Public domain, attr=
Anonymous (Byzantine Empire)Unknown author, src=https://commons.wikimedia.org/wiki/File:Byzantine_-_Earring_-_Walters_571729.jpg)
[ok] accessory/Drop earrings/silver/gold -> www/assets/recommendation-stock/accessory-silver-drop-earrings-gold-fem.jpg (1475kb, license=CC BY 4.0, attr=W.carter, src=https://commons.wikimedia.org/wiki/File:Arabesque_-_gold_and_kyanite_earrings,_cropped.jpg)
[ok] accessory/Statement necklace/gold/metal -> www/assets/recommendation-stock/accessory-gold-statement-necklace-metal-fem.jpg (161kb, license=CC BY-SA 2.0, attr=Jamie, src=https://commons.wikimedia.org/wiki/File:Vintage_Gold_Statement_Necklace_(19175222120).jpg)
[ok] accessory/Statement necklace/silver/metal -> www/assets/recommendation-stock/accessory-silver-statement-necklace-metal-fem.jpg (80kb, license=No restrictions, attr=George Eastman House, src=https://commons.wikimedia.org/wiki/File:(WOMAN_IN_BLACK_WITH_NECKLACE_AND_BUTTON)_(2986884225).jpg)
[ok] accessory/Pendant necklace/gold/gold -> www/assets/recommendation-stock/accessory-gold-pendant-necklace-gold-fem.jpg (454kb, license=CC BY-SA 2.0, attr=
Lincolnshire County Council, Adam Daubney, 2011-11-01 14:36:05, src=https://commons.wikimedia.org/wiki/File:Anglo-Saxon_gold_and_garnet_necklace_(FindID_468083).jpg)
[ok] accessory/Pendant necklace/silver/gold -> www/assets/recommendation-stock/accessory-silver-pendant-necklace-gold-fem.jpg (123kb, license=CC BY-SA 4.0, attr=
The British Museum, Siorna McFarlane, 2011-05-10 16:04:34, src=https://commons.wikimedia.org/wiki/File:Gold_Anglo_Saxon_pendant_with_D-shaped_cabochon_garnet_setting_(FindID_255821).jpg)
[ok] accessory/Brooch/gold/metal -> www/assets/recommendation-stock/accessory-gold-brooch-metal-fem.jpg (1269kb, license=CC BY-SA 4.0, attr=Uknown, possibly Rene Boivin., src=https://commons.wikimedia.org/wiki/File:Gold_Pendant_brooch,_Art_Nouvea_ustyle,_c.1902.jpg)
[ok] accessory/Brooch/silver/metal -> www/assets/recommendation-stock/accessory-silver-brooch-metal-fem.jpg (731kb, license=CC BY-SA 4.0, attr=Unknown authorUnknown author, src=https://commons.wikimedia.org/wiki/File:Isle_of_Wight_square-headed_brooch.jpg)
[ok] accessory/Stacked bracelets/gold/gold -> www/assets/recommendation-stock/accessory-gold-stacked-bracelets-gold-fem.jpg (2094kb, license=Public domain, attr=
Unknown artistUnknown artist, src=https://commons.wikimedia.org/wiki/File:Drawing,_Design_for_a_Bracelet,_ca._1785_(CH_18552645).jpg)
[ok] accessory/Stacked bracelets/silver/gold -> www/assets/recommendation-stock/accessory-silver-stacked-bracelets-gold-fem.jpg (2094kb, license=Public domain, attr=
Unknown artistUnknown artist, src=https://commons.wikimedia.org/wiki/File:Drawing,_Design_for_a_Bracelet,_ca._1785_(CH_18552645).jpg)
[ok] accessory/Charm bracelet/silver/silver -> www/assets/recommendation-stock/accessory-silver-charm-bracelet-silver-fem.jpg (1557kb, license=CC BY 2.0, attr=affinity, src=https://commons.wikimedia.org/wiki/File:Charm_Bracelet_made_by_SF_Bay_Area_Silver_Clay_Group.jpg)
[ok] accessory/Charm bracelet/gold/silver -> www/assets/recommendation-stock/accessory-gold-charm-bracelet-silver-fem.jpg (392kb, license=Public domain, attr=Mabsal, src=https://commons.wikimedia.org/wiki/File:Gold_charm_bracelet.JPG)
[ok] accessory/Beret/black/wool -> www/assets/recommendation-stock/accessory-black-beret-wool-fem.jpg (808kb, license=No restrictions, attr=Internet Archive Book Images, src=https://commons.wikimedia.org/wiki/File:White_piqu%C3%A9_beret_and_bag_by_Edith_Hummel,_1948.jpg)
[ok] accessory/Beret/red/wool -> www/assets/recommendation-stock/accessory-red-beret-wool-fem.jpg (154kb, license=Public domain, attr=Amélie Beaury-Saurel, src=https://commons.wikimedia.org/wiki/File:Beaury-Saurel_-_Portrait_d%27une_femme_au_beret_rouge.jpg)
[ok] accessory/Beret/navy/wool -> www/assets/recommendation-stock/accessory-navy-beret-wool-fem.jpg (894kb, license=Public domain, attr=James Davis, src=https://commons.wikimedia.org/wiki/File:USN_lieutenant_in_winter_blues_and_beret,_1983.png)
[ok] accessory/Beret/cream/wool -> www/assets/recommendation-stock/accessory-cream-beret-wool-fem.jpg (225kb, license=CC BY-SA 4.0, attr=Peloponnesian Folklore Foundation, src=https://commons.wikimedia.org/wiki/File:Beret,_cream_with_felt_appliques.jpg)