Queue: 285 rows. Priorities=P1
  [1/285] P1 accessory/Backpack/brown  -> accessory-brown-backpack-leather.jpg (CC0)
  [2/285] P1 accessory/Backpack/gray  -> accessory-gray-backpack-leather.jpg (Public domain)
  [3/285] P1 accessory/Backpack/navy  -> accessory-navy-backpack-leather.jpg (Public domain)
  [4/285] P1 accessory/Backpack/tan  -> accessory-tan-backpack-leather.jpg (CC0)
  [5/285] P1 accessory/Baseball cap/brown  -> accessory-brown-baseball-cap-cotton.jpg (CC BY 4.0)
  [6/285] P1 accessory/Baseball cap/cream  -> accessory-cream-baseball-cap-cotton.jpg (CC BY 4.0)
  [7/285] P1 accessory/Baseball cap/gray  -> accessory-gray-baseball-cap-cotton.jpg (CC BY 4.0)
  [8/285] P1 accessory/Baseball cap/navy  -> accessory-navy-baseball-cap-cotton.jpg (CC BY 4.0)
  [9/285] P1 accessory/Baseball cap/tan  -> accessory-tan-baseball-cap-cotton.jpg (Public domain)
  [10/285] P1 accessory/Baseball cap/white  -> accessory-white-baseball-cap-cotton.jpg (CC BY-SA 4.0)
  [11/285] P1 accessory/Belt/brown  -> accessory-brown-belt-leather.jpg (Public domain)
  [12/285] P1 accessory/Belt/gray  -> accessory-gray-belt-leather.jpg (CC BY-SA 3.0)
  [13/285] P1 accessory/Belt/navy  -> accessory-navy-belt-leather.jpg (Public domain)
  [14/285] P1 accessory/Belt/tan  -> accessory-tan-belt-leather.jpg (CC BY-SA 4.0)
  [15/285] P1 accessory/Gloves/black  -> accessory-black-gloves-cotton.jpg (Public domain)
  [16/285] P1 accessory/Gloves/brown  -> accessory-brown-gloves-cotton.jpg (CC0)
  [17/285] P1 accessory/Gloves/gray  -> accessory-gray-gloves-cotton.jpg (CC BY-SA 4.0)
  [18/285] P1 accessory/Gloves/navy  -> accessory-navy-gloves-cotton.jpg (Public domain)
  [19/285] P1 accessory/Gloves/tan  -> accessory-tan-gloves-cotton.jpg (CC BY-SA 4.0)
  [20/285] P1 accessory/Scarf/black  -> accessory-black-scarf-silk.jpg (Public domain)
  [21/285] P1 accessory/Scarf/brown  -> accessory-brown-scarf-silk.jpg (CC BY 4.0)
  [22/285] P1 accessory/Scarf/gray  -> accessory-gray-scarf-silk.jpg (CC BY 2.0)
  [23/285] P1 accessory/Scarf/navy  -> accessory-navy-scarf-silk.jpg (Public domain)
  [24/285] P1 accessory/Scarf/tan  -> accessory-tan-scarf-silk.jpg (CC BY 4.0)
  [25/285] P1 accessory/Sun hat/black  -> accessory-black-sun-hat-cotton.jpg (No restrictions)
  [26/285] P1 accessory/Sun hat/brown  -> accessory-brown-sun-hat-cotton.jpg (No restrictions)
  [27/285] P1 accessory/Sun hat/gray  -> accessory-gray-sun-hat-cotton.jpg (No restrictions)
  [28/285] P1 accessory/Sun hat/navy  -> accessory-navy-sun-hat-cotton.jpg (Public domain)
  [29/285] P1 accessory/Sun hat/tan  -> accessory-tan-sun-hat-cotton.jpg (No restrictions)
  [30/285] P1 accessory/Sunglasses/black  -> accessory-black-sunglasses-acetate.jpg (CC BY-SA 2.0)
  [31/285] P1 accessory/Sunglasses/brown  -> accessory-brown-sunglasses-acetate.jpg (CC BY-SA 2.0)
  [32/285] P1 accessory/Sunglasses/gray  -> accessory-gray-sunglasses-acetate.jpg (CC BY 2.0)
  [34/285] P1 accessory/Sunglasses/tan  -> accessory-tan-sunglasses-acetate.jpg (CC BY-SA 2.0)
  [35/285] P1 accessory/Tote bag/black  -> accessory-black-tote-bag-leather.jpg (CC BY-SA 4.0)
  [36/285] P1 accessory/Tote bag/brown  -> accessory-brown-tote-bag-leather.jpg (No restrictions)
  [37/285] P1 accessory/Tote bag/gray  -> accessory-gray-tote-bag-leather.jpg (CC BY-SA 2.0)
  [38/285] P1 accessory/Tote bag/navy  -> accessory-navy-tote-bag-leather.jpg (CC BY-SA 4.0)
  [39/285] P1 accessory/Tote bag/tan  -> accessory-tan-tote-bag-leather.jpg (CC BY-SA 4.0)
  [40/285] P1 accessory/Watch/black  -> accessory-black-watch-metal.jpg (CC0)
  [41/285] P1 accessory/Watch/brown  -> accessory-brown-watch-metal.jpg (No restrictions)
  [42/285] P1 accessory/Watch/gray  -> accessory-gray-watch-metal.jpg (No restrictions)
  [43/285] P1 accessory/Watch/navy  -> accessory-navy-watch-metal.jpg (Public domain)
  [44/285] P1 accessory/Watch/tan  -> accessory-tan-watch-metal.jpg (CC BY-SA 3.0)
  [45/285] P1 accessory/Wool scarf/black  -> accessory-black-wool-scarf-silk.jpg (CC BY-SA 2.0)
  [46/285] P1 accessory/Wool scarf/brown  -> accessory-brown-wool-scarf-silk.jpg (CC BY 2.0)
  [47/285] P1 accessory/Wool scarf/gray  -> accessory-gray-wool-scarf-silk.jpg (CC BY 2.0)
  [48/285] P1 accessory/Wool scarf/navy  -> accessory-navy-wool-scarf-silk.jpg (CC BY 2.0)
  [49/285] P1 accessory/Wool scarf/tan  -> accessory-tan-wool-scarf-silk.jpg (CC BY 2.0)
  [50/285] P1 bottom/Chinos/beige  -> bottom-beige-chinos-cotton.jpg (CC BY-SA 3.0)
  [51/285] P1 bottom/Chinos/black  -> bottom-black-chinos-cotton.jpg (Public domain)
  [52/285] P1 bottom/Chinos/brown  -> bottom-brown-chinos-cotton.jpg (CC BY-SA 2.0)
  [53/285] P1 bottom/Chinos/charcoal  -> bottom-charcoal-chinos-cotton.jpg (CC BY-SA 3.0)
  [54/285] P1 bottom/Chinos/cream  -> bottom-cream-chinos-cotton.jpg (CC BY-SA 3.0)
  [55/285] P1 bottom/Chinos/gray  -> bottom-gray-chinos-cotton.jpg (CC BY-SA 3.0)
  [56/285] P1 bottom/Chinos/olive  -> bottom-olive-chinos-cotton.jpg (CC BY-SA 3.0)
  [57/285] P1 bottom/Chinos/tan  -> bottom-tan-chinos-cotton.jpg (CC BY-SA 3.0)
  [58/285] P1 bottom/Chinos/white  -> bottom-white-chinos-cotton.jpg (CC BY-SA 3.0)
  [59/285] P1 bottom/Jeans/beige  -> bottom-beige-jeans-denim.jpg (CC BY 3.0)
  [60/285] P1 bottom/Jeans/black  -> bottom-black-jeans-denim.jpg (CC BY 3.0)
  [61/285] P1 bottom/Jeans/brown  -> bottom-brown-jeans-denim.jpg (CC BY 3.0)
  [62/285] P1 bottom/Jeans/charcoal  -> bottom-charcoal-jeans-denim.jpg (CC BY 3.0)
  [63/285] P1 bottom/Jeans/cream  -> bottom-cream-jeans-denim.jpg (CC BY 2.0)
  [64/285] P1 bottom/Jeans/gray  -> bottom-gray-jeans-denim.jpg (CC BY-SA 4.0)
  [65/285] P1 bottom/Jeans/navy  -> bottom-navy-jeans-denim.jpg (Public domain)
  [66/285] P1 bottom/Jeans/olive  -> bottom-olive-jeans-denim.jpg (CC BY 3.0)
  [67/285] P1 bottom/Jeans/tan  -> bottom-tan-jeans-denim.jpg (CC BY 3.0)
  [68/285] P1 bottom/Jeans/white  -> bottom-white-jeans-denim.jpg (CC BY-SA 2.0)
  [73/285] P1 bottom/Joggers/gray  -> bottom-gray-joggers-tech.jpg (CC BY 4.0)
  [77/285] P1 bottom/Joggers/white  -> bottom-white-joggers-tech.jpg (CC BY 2.0)
  [87/285] P1 bottom/Linen trousers/black  -> bottom-black-linen-trousers-linen.jpg (CC0)
  [88/285] P1 bottom/Linen trousers/charcoal  -> bottom-charcoal-linen-trousers-linen.jpg (CC0)
  [98/285] P1 bottom/Tailored trousers/black  -> bottom-black-tailored-trousers-wool.jpg (Public domain)
  [99/285] P1 bottom/Tailored trousers/brown  -> bottom-brown-tailored-trousers-wool.jpg (CC BY 4.0)
  [105/285] P1 outer/Bomber jacket/beige  -> outer-beige-bomber-jacket-cotton.jpg (CC BY 2.0)
  [106/285] P1 outer/Bomber jacket/brown  -> outer-brown-bomber-jacket-cotton.jpg (CC BY-SA 4.0)
  [107/285] P1 outer/Bomber jacket/charcoal  -> outer-charcoal-bomber-jacket-cotton.jpg (CC BY 2.5)
  [108/285] P1 outer/Bomber jacket/cream  -> outer-cream-bomber-jacket-cotton.jpg (CC BY 4.0)
  [109/285] P1 outer/Bomber jacket/gray  -> outer-gray-bomber-jacket-cotton.jpg (CC BY 2.5)
  [110/285] P1 outer/Bomber jacket/navy  -> outer-navy-bomber-jacket-cotton.jpg (CC0)
  [111/285] P1 outer/Bomber jacket/olive  -> outer-olive-bomber-jacket-cotton.jpg (CC BY 2.5)
  [112/285] P1 outer/Bomber jacket/tan  -> outer-tan-bomber-jacket-cotton.jpg (CC BY 2.5)
  [113/285] P1 outer/Field jacket/beige  -> outer-beige-field-jacket-cotton.jpg (CC BY 4.0)
  [114/285] P1 outer/Field jacket/brown  -> outer-brown-field-jacket-cotton.jpg (Public domain)
  [115/285] P1 outer/Field jacket/charcoal  -> outer-charcoal-field-jacket-cotton.jpg (CC BY-SA 4.0)
  [116/285] P1 outer/Field jacket/cream  -> outer-cream-field-jacket-cotton.jpg (Public domain)
  [117/285] P1 outer/Field jacket/gray  -> outer-gray-field-jacket-cotton.jpg (Public domain)
  [118/285] P1 outer/Field jacket/navy  -> outer-navy-field-jacket-cotton.jpg (CC BY-SA 4.0)
  [119/285] P1 outer/Field jacket/olive  -> outer-olive-field-jacket-cotton.jpg (Public domain)
  [120/285] P1 outer/Field jacket/tan  -> outer-tan-field-jacket-cotton.jpg (Public domain)
  [121/285] P1 outer/Hooded parka/beige  -> outer-beige-hooded-parka-down.jpg (CC0)
  [122/285] P1 outer/Hooded parka/black  -> outer-black-hooded-parka-down.jpg (CC0)
  [123/285] P1 outer/Hooded parka/brown  -> outer-brown-hooded-parka-down.jpg (CC0)
  [124/285] P1 outer/Hooded parka/charcoal  -> outer-charcoal-hooded-parka-down.jpg (CC0)
  [125/285] P1 outer/Hooded parka/cream  -> outer-cream-hooded-parka-down.jpg (CC0)
  [126/285] P1 outer/Hooded parka/gray  -> outer-gray-hooded-parka-down.jpg (CC0)
  [127/285] P1 outer/Hooded parka/navy  -> outer-navy-hooded-parka-down.jpg (CC0)
  [128/285] P1 outer/Hooded parka/olive  -> outer-olive-hooded-parka-down.jpg (CC0)
  [129/285] P1 outer/Hooded parka/tan  -> outer-tan-hooded-parka-down.jpg (CC0)
  [130/285] P1 outer/Hooded parka/white  -> outer-white-hooded-parka-down.jpg (CC0)
  [131/285] P1 outer/Hoodie/black  -> outer-black-hoodie-cotton.jpg (CC BY-SA 4.0)
  [132/285] P1 outer/Hoodie/brown  -> outer-brown-hoodie-cotton.jpg (CC BY-SA 4.0)
  [133/285] P1 outer/Hoodie/charcoal  -> outer-charcoal-hoodie-cotton.jpg (CC0)
  [134/285] P1 outer/Hoodie/gray  -> outer-gray-hoodie-cotton.jpg (CC0)
  [135/285] P1 outer/Hoodie/navy  -> outer-navy-hoodie-cotton.jpg (CC0)
  [136/285] P1 outer/Hoodie/olive  -> outer-olive-hoodie-cotton.jpg (CC0)
  [137/285] P1 outer/Hoodie/tan  -> outer-tan-hoodie-cotton.jpg (CC0)
  [138/285] P1 outer/Parka/beige  -> outer-beige-parka-down.jpg (CC BY-SA 3.0)
  [139/285] P1 outer/Parka/black  -> outer-black-parka-down.jpg (CC BY-SA 3.0)
  [140/285] P1 outer/Parka/brown  -> outer-brown-parka-down.jpg (Public domain)
  [141/285] P1 outer/Parka/charcoal  -> outer-charcoal-parka-down.jpg (CC BY-SA 3.0)
  [142/285] P1 outer/Parka/cream  -> outer-cream-parka-down.jpg (CC BY-SA 3.0)
  [143/285] P1 outer/Parka/gray  -> outer-gray-parka-down.jpg (CC BY 3.0)
  [144/285] P1 outer/Parka/navy  -> outer-navy-parka-down.jpg (CC BY-SA 3.0)
  [145/285] P1 outer/Parka/olive  -> outer-olive-parka-down.jpg (CC BY 2.0)
  [146/285] P1 outer/Parka/tan  -> outer-tan-parka-down.jpg (CC BY-SA 2.0)
  [147/285] P1 outer/Parka/white  -> outer-white-parka-down.jpg (Public domain)
  [148/285] P1 outer/Pea coat/black  -> outer-black-pea-coat-wool.jpg (CC BY 2.0)
  [149/285] P1 outer/Pea coat/brown  -> outer-brown-pea-coat-wool.jpg (CC BY 2.0)
  [150/285] P1 outer/Pea coat/charcoal  -> outer-charcoal-pea-coat-wool.jpg (CC BY 2.0)
  [151/285] P1 outer/Pea coat/gray  -> outer-gray-pea-coat-wool.jpg (CC BY 2.0)
  [152/285] P1 outer/Pea coat/navy  -> outer-navy-pea-coat-wool.jpg (CC BY-SA 2.0)
  [153/285] P1 outer/Pea coat/olive  -> outer-olive-pea-coat-wool.jpg (CC BY 2.0)
  [154/285] P1 outer/Pea coat/tan  -> outer-tan-pea-coat-wool.jpg (CC BY 2.0)
  [155/285] P1 outer/Puffer jacket/beige  -> outer-beige-puffer-jacket-down.jpg (Public domain)
  [156/285] P1 outer/Puffer jacket/brown  -> outer-brown-puffer-jacket-down.jpg (CC BY 2.0)
  [160/285] P1 outer/Puffer jacket/navy  -> outer-navy-puffer-jacket-down.jpg (CC BY 2.0)
  [163/285] P1 outer/Rain jacket/beige  -> outer-beige-rain-jacket-tech.jpg (CC0)
  [164/285] P1 outer/Rain jacket/brown  -> outer-brown-rain-jacket-tech.jpg (CC0)
  [165/285] P1 outer/Rain jacket/charcoal  -> outer-charcoal-rain-jacket-tech.jpg (CC0)
  [166/285] P1 outer/Rain jacket/cream  -> outer-cream-rain-jacket-tech.jpg (CC0)
  [167/285] P1 outer/Rain jacket/gray  -> outer-gray-rain-jacket-tech.jpg (CC0)
  [168/285] P1 outer/Rain jacket/navy  -> outer-navy-rain-jacket-tech.jpg (Public domain)
  [169/285] P1 outer/Rain jacket/olive  -> outer-olive-rain-jacket-tech.jpg (CC0)
  [170/285] P1 outer/Rain jacket/tan  -> outer-tan-rain-jacket-tech.jpg (CC0)
  [171/285] P1 outer/Rain jacket/white  -> outer-white-rain-jacket-tech.jpg (CC0)
  [172/285] P1 outer/Shell jacket/beige  -> outer-beige-shell-jacket-tech.jpg (CC BY 4.0)
  [173/285] P1 outer/Shell jacket/brown  -> outer-brown-shell-jacket-tech.jpg (CC BY 4.0)
  [174/285] P1 outer/Shell jacket/charcoal  -> outer-charcoal-shell-jacket-tech.jpg (CC BY 4.0)
  [175/285] P1 outer/Shell jacket/cream  -> outer-cream-shell-jacket-tech.jpg (CC BY 4.0)
  [176/285] P1 outer/Shell jacket/gray  -> outer-gray-shell-jacket-tech.jpg (Public domain)
  [177/285] P1 outer/Shell jacket/navy  -> outer-navy-shell-jacket-tech.jpg (CC BY 4.0)
  [178/285] P1 outer/Shell jacket/olive  -> outer-olive-shell-jacket-tech.jpg (Public domain)
  [179/285] P1 outer/Shell jacket/tan  -> outer-tan-shell-jacket-tech.jpg (CC BY 4.0)
  [180/285] P1 outer/Shell jacket/white  -> outer-white-shell-jacket-tech.jpg (CC BY 4.0)
  [181/285] P1 outer/Trench coat/black  -> outer-black-trench-coat-wool.jpg (Public domain)
  [182/285] P1 outer/Trench coat/brown  -> outer-brown-trench-coat-wool.jpg (CC0)
  [183/285] P1 outer/Trench coat/charcoal  -> outer-charcoal-trench-coat-wool.jpg (CC BY-SA 4.0)
  [184/285] P1 outer/Trench coat/gray  -> outer-gray-trench-coat-wool.jpg (CC BY-SA 4.0)
  [185/285] P1 outer/Trench coat/navy  -> outer-navy-trench-coat-wool.jpg (Public domain)
  [186/285] P1 outer/Trench coat/olive  -> outer-olive-trench-coat-wool.jpg (CC BY-SA 4.0)
  [187/285] P1 outer/Trench coat/tan  -> outer-tan-trench-coat-wool.jpg (CC BY-SA 4.0)
  [188/285] P1 outer/Wool overcoat/black  -> outer-black-wool-overcoat-wool.jpg (Public domain)
  [189/285] P1 outer/Wool overcoat/brown  -> outer-brown-wool-overcoat-wool.jpg (CC0)
  [190/285] P1 outer/Wool overcoat/charcoal  -> outer-charcoal-wool-overcoat-wool.jpg (CC0)
  [191/285] P1 outer/Wool overcoat/gray  -> outer-gray-wool-overcoat-wool.jpg (CC0)
  [192/285] P1 outer/Wool overcoat/navy  -> outer-navy-wool-overcoat-wool.jpg (Public domain)
  [193/285] P1 outer/Wool overcoat/olive  -> outer-olive-wool-overcoat-wool.jpg (CC0)
  [194/285] P1 outer/Wool overcoat/tan  -> outer-tan-wool-overcoat-wool.jpg (CC0)
  [195/285] P1 shoes/Ankle boots/black  -> shoes-black-ankle-boots-leather.jpg (CC BY-SA 4.0)
  [196/285] P1 shoes/Ankle boots/brown  -> shoes-brown-ankle-boots-leather.jpg (CC BY-SA 3.0)
  [197/285] P1 shoes/Ankle boots/gray  -> shoes-gray-ankle-boots-leather.jpg (Public domain)
  [198/285] P1 shoes/Ankle boots/navy  -> shoes-navy-ankle-boots-leather.jpg (Public domain)
  [199/285] P1 shoes/Ankle boots/olive  -> shoes-olive-ankle-boots-leather.jpg (Public domain)
  [200/285] P1 shoes/Ankle boots/tan  -> shoes-tan-ankle-boots-leather.jpg (CC BY-SA 4.0)
  [201/285] P1 shoes/Black sneakers/black  -> shoes-black-black-sneakers-leather.jpg (CC BY 2.0)
  [202/285] P1 shoes/Black sneakers/brown  -> shoes-brown-black-sneakers-leather.jpg (Public domain)
  [203/285] P1 shoes/Black sneakers/gray  -> shoes-gray-black-sneakers-leather.jpg (CC BY-SA 4.0)
  [204/285] P1 shoes/Black sneakers/navy  -> shoes-navy-black-sneakers-leather.jpg (Public domain)
  [205/285] P1 shoes/Black sneakers/olive  -> shoes-olive-black-sneakers-leather.jpg (Public domain)
  [206/285] P1 shoes/Black sneakers/tan  -> shoes-tan-black-sneakers-leather.jpg (Public domain)
  [207/285] P1 shoes/Brown loafers/black  -> shoes-black-brown-loafers-leather.jpg (CC BY-SA 4.0)
  [208/285] P1 shoes/Brown loafers/cream  -> shoes-cream-brown-loafers-leather.jpg (CC BY-SA 4.0)
  [209/285] P1 shoes/Brown loafers/gray  -> shoes-gray-brown-loafers-leather.jpg (CC BY-SA 4.0)
  [210/285] P1 shoes/Brown loafers/navy  -> shoes-navy-brown-loafers-leather.jpg (CC BY-SA 4.0)
  [211/285] P1 shoes/Brown loafers/olive  -> shoes-olive-brown-loafers-leather.jpg (CC BY-SA 4.0)
  [212/285] P1 shoes/Brown loafers/white  -> shoes-white-brown-loafers-leather.jpg (CC BY-SA 4.0)
  [213/285] P1 shoes/Chelsea boots/black  -> shoes-black-chelsea-boots-leather.jpg (CC BY-SA 4.0)
  [214/285] P1 shoes/Chelsea boots/brown  -> shoes-brown-chelsea-boots-leather.jpg (CC BY-SA 4.0)
  [215/285] P1 shoes/Chelsea boots/gray  -> shoes-gray-chelsea-boots-leather.jpg (CC BY-SA 4.0)
  [216/285] P1 shoes/Chelsea boots/navy  -> shoes-navy-chelsea-boots-leather.jpg (CC BY-SA 4.0)
  [217/285] P1 shoes/Chelsea boots/olive  -> shoes-olive-chelsea-boots-leather.jpg (CC BY-SA 4.0)
  [218/285] P1 shoes/Chelsea boots/tan  -> shoes-tan-chelsea-boots-leather.jpg (CC BY-SA 4.0)
  [219/285] P1 shoes/Hiking boots/black  -> shoes-black-hiking-boots-leather.jpg (CC BY 2.0)
  [225/285] P1 shoes/Loafers/brown  -> shoes-brown-loafers-leather.jpg (CC BY-SA 4.0)
  [226/285] P1 shoes/Loafers/cream  -> shoes-cream-loafers-leather.jpg (CC0)
  [227/285] P1 shoes/Loafers/gray  -> shoes-gray-loafers-leather.jpg (CC BY-SA 3.0)
  [228/285] P1 shoes/Loafers/navy  -> shoes-navy-loafers-leather.jpg (CC BY-SA 4.0)
  [229/285] P1 shoes/Loafers/olive  -> shoes-olive-loafers-leather.jpg (CC0)
  [230/285] P1 shoes/Loafers/tan  -> shoes-tan-loafers-leather.jpg (CC BY-SA 2.0)
  [231/285] P1 shoes/Loafers/white  -> shoes-white-loafers-leather.jpg (CC0)
  [232/285] P1 shoes/Running shoes/black  -> shoes-black-running-shoes-mesh.jpg (CC BY-SA 4.0)
  [233/285] P1 shoes/Running shoes/brown  -> shoes-brown-running-shoes-mesh.jpg (CC BY-SA 4.0)
  [234/285] P1 shoes/Running shoes/gray  -> shoes-gray-running-shoes-mesh.jpg (CC BY-SA 4.0)
  [235/285] P1 shoes/Running shoes/navy  -> shoes-navy-running-shoes-mesh.jpg (Public domain)
  [238/285] P1 shoes/Sneakers/black  -> shoes-black-sneakers-leather.jpg (CC BY 2.0)
  [239/285] P1 shoes/Sneakers/brown  -> shoes-brown-sneakers-leather.jpg (CC BY 2.0)
  [240/285] P1 shoes/Sneakers/gray  -> shoes-gray-sneakers-leather.jpg (CC BY-SA 4.0)
  [241/285] P1 shoes/Sneakers/navy  -> shoes-navy-sneakers-leather.jpg (Public domain)
  [242/285] P1 shoes/Sneakers/olive  -> shoes-olive-sneakers-leather.jpg (CC BY-SA 4.0)
  [243/285] P1 shoes/Sneakers/tan  -> shoes-tan-sneakers-leather.jpg (Public domain)
  [244/285] P1 shoes/White sneakers/black  -> shoes-black-white-sneakers-leather.jpg (CC BY-SA 4.0)
  [245/285] P1 shoes/White sneakers/brown  -> shoes-brown-white-sneakers-leather.jpg (CC BY-SA 4.0)
  [246/285] P1 shoes/White sneakers/gray  -> shoes-gray-white-sneakers-leather.jpg (CC BY-SA 4.0)
  [247/285] P1 shoes/White sneakers/navy  -> shoes-navy-white-sneakers-leather.jpg (CC BY-SA 4.0)
  [248/285] P1 shoes/White sneakers/olive  -> shoes-olive-white-sneakers-leather.jpg (CC BY-SA 4.0)
  [249/285] P1 shoes/White sneakers/tan  -> shoes-tan-white-sneakers-leather.jpg (CC BY-SA 4.0)
  [250/285] P1 shoes/Winter boots/black  -> shoes-black-winter-boots-leather.jpg (Public domain)
  [251/285] P1 shoes/Winter boots/brown  -> shoes-brown-winter-boots-leather.jpg (CC0)
  [252/285] P1 shoes/Winter boots/gray  -> shoes-gray-winter-boots-leather.jpg (CC0)
  [253/285] P1 shoes/Winter boots/navy  -> shoes-navy-winter-boots-leather.jpg (CC0)
  [254/285] P1 shoes/Winter boots/olive  -> shoes-olive-winter-boots-leather.jpg (CC0)
  [255/285] P1 shoes/Winter boots/tan  -> shoes-tan-winter-boots-leather.jpg (CC0)
  [256/285] P1 top/Button-up shirt/black  -> top-black-button-up-shirt-cotton.jpg (CC BY 4.0)
  [257/285] P1 top/Button-up shirt/brown  -> top-brown-button-up-shirt-cotton.jpg (CC BY 4.0)
  [258/285] P1 top/Button-up shirt/gray  -> top-gray-button-up-shirt-cotton.jpg (CC BY 4.0)
  [259/285] P1 top/Button-up shirt/navy  -> top-navy-button-up-shirt-cotton.jpg (CC BY 4.0)
  [260/285] P1 top/Button-up shirt/olive  -> top-olive-button-up-shirt-cotton.jpg (CC BY 4.0)
  [261/285] P1 top/Hoodie/black  -> top-black-hoodie-cotton.jpg (CC BY-SA 4.0)
  [262/285] P1 top/Hoodie/brown  -> top-brown-hoodie-cotton.jpg (CC BY-SA 4.0)
  [263/285] P1 top/Hoodie/gray  -> top-gray-hoodie-cotton.jpg (CC0)
  [264/285] P1 top/Hoodie/navy  -> top-navy-hoodie-cotton.jpg (CC0)
  [265/285] P1 top/Hoodie/olive  -> top-olive-hoodie-cotton.jpg (CC0)
  [266/285] P1 top/Linen shirt/black  -> top-black-linen-shirt-linen.jpg (Public domain)
  [267/285] P1 top/Linen shirt/brown  -> top-brown-linen-shirt-linen.jpg (CC0)
  [268/285] P1 top/Linen shirt/gray  -> top-gray-linen-shirt-linen.jpg (Public domain)
  [269/285] P1 top/Linen shirt/navy  -> top-navy-linen-shirt-linen.jpg (Public domain)
  [270/285] P1 top/Linen shirt/olive  -> top-olive-linen-shirt-linen.jpg (Public domain)
  [271/285] P1 top/Long-sleeve t-shirt/black  -> top-black-long-sleeve-t-shirt-cotton.jpg (CC BY-SA 2.0)
  [272/285] P1 top/Long-sleeve t-shirt/brown  -> top-brown-long-sleeve-t-shirt-cotton.jpg (CC BY 2.0)
  [273/285] P1 top/Long-sleeve t-shirt/gray  -> top-gray-long-sleeve-t-shirt-cotton.jpg (CC BY 2.0)
  [274/285] P1 top/Long-sleeve t-shirt/navy  -> top-navy-long-sleeve-t-shirt-cotton.jpg (CC BY 2.0)
  [275/285] P1 top/Long-sleeve t-shirt/olive  -> top-olive-long-sleeve-t-shirt-cotton.jpg (CC BY 2.0)
  [276/285] P1 top/Polo shirt/black  -> top-black-polo-shirt-cotton.jpg (CC BY 4.0)
  [277/285] P1 top/Polo shirt/brown  -> top-brown-polo-shirt-cotton.jpg (CC0)
  [278/285] P1 top/Polo shirt/gray  -> top-gray-polo-shirt-cotton.jpg (CC0)
  [279/285] P1 top/Polo shirt/navy  -> top-navy-polo-shirt-cotton.jpg (CC BY-SA 4.0)
  [280/285] P1 top/Polo shirt/olive  -> top-olive-polo-shirt-cotton.jpg (CC0)
  [281/285] P1 top/T-shirt/black  -> top-black-t-shirt-cotton.jpg (CC BY-SA 4.0)
  [282/285] P1 top/T-shirt/brown  -> top-brown-t-shirt-cotton.jpg (CC BY-SA 4.0)
  [283/285] P1 top/T-shirt/gray  -> top-gray-t-shirt-cotton.jpg (CC BY-SA 4.0)
  [284/285] P1 top/T-shirt/navy  -> top-navy-t-shirt-cotton.jpg (Public domain)
  [285/285] P1 top/T-shirt/olive  -> top-olive-t-shirt-cotton.jpg (CC BY-SA 4.0)

Done. ok=242 skipped=0 failed=43
Wrote tmp/coverage/downloads.log + downloads.json
